#
# There is insufficient memory for the Java Runtime Environment to continue.
# Native memory allocation (malloc) failed to allocate 32744 bytes for ChunkPool::allocate
# Possible reasons:
#   The system is out of physical RAM or swap space
#   In 32 bit mode, the process size limit was hit
# Possible solutions:
#   Reduce memory load on the system
#   Increase physical memory or swap space
#   Check if swap backing store is full
#   Use 64 bit Java on a 64 bit OS
#   Decrease Java heap size (-Xmx/-Xms)
#   Decrease number of Java threads
#   Decrease Java thread stack sizes (-Xss)
#   Set larger code cache with -XX:ReservedCodeCacheSize=
# This output file may be truncated or incomplete.
#
#  Out of Memory Error (allocation.cpp:273), pid=9104, tid=0x0000000000000dfc
#
# JRE version: OpenJDK Runtime Environment (8.0_112-b06) (build 1.8.0_112-release-b06)
# Java VM: OpenJDK 64-Bit Server VM (25.112-b06 mixed mode windows-amd64 compressed oops)
# Failed to write core dump. Minidumps are not enabled by default on client versions of Windows
#

---------------  T H R E A D  ---------------

Current thread (0x0000000015feb000):  JavaThread "C2 CompilerThread0" daemon [_thread_in_native, id=3580, stack(0x0000000017640000,0x0000000017740000)]

Stack: [0x0000000017640000,0x0000000017740000]
[error occurred during error reporting (printing stack bounds), id 0xc0000005]

Native frames: (J=compiled Java code, j=interpreted, Vv=VM code, C=native code)


Current CompileTask:
C2:  23552 4850   !   4       java.net.URLClassLoader$1::run (63 bytes)


---------------  P R O C E S S  ---------------

Java Threads: ( => current thread )
  0x000000001848b800 JavaThread "File lock request listener" [_thread_in_native, id=5056, stack(0x000000001e3d0000,0x000000001e4d0000)]
  0x00000000194be800 JavaThread "Stdin handler" [_thread_blocked, id=7756, stack(0x000000001a6c0000,0x000000001a7c0000)]
  0x0000000018d66000 JavaThread "Asynchronous log dispatcher for DefaultDaemonConnection: socket connection from /127.0.0.1:57911 to /127.0.0.1:57912" [_thread_blocked, id=8604, stack(0x000000001a5c0000,0x000000001a6c0000)]
  0x0000000018d75800 JavaThread "Daemon worker" [_thread_in_vm, id=7540, stack(0x000000001a4c0000,0x000000001a5c0000)]
  0x0000000018d77000 JavaThread "pool-1-thread-1" [_thread_blocked, id=7364, stack(0x000000001a3c0000,0x000000001a4c0000)]
  0x0000000018d68000 JavaThread "Cancel handler" [_thread_blocked, id=8, stack(0x000000001a2c0000,0x000000001a3c0000)]
  0x0000000018a0e800 JavaThread "Handler for socket connection from /127.0.0.1:57911 to /127.0.0.1:57912" [_thread_in_native, id=7428, stack(0x000000001a1c0000,0x000000001a2c0000)]
  0x0000000018d8b000 JavaThread "Daemon" [_thread_blocked, id=5296, stack(0x000000001a0c0000,0x000000001a1c0000)]
  0x0000000019291000 JavaThread "Incoming local TCP Connector on port 57911" [_thread_in_native, id=1092, stack(0x0000000019710000,0x0000000019810000)]
  0x0000000017960800 JavaThread "Service Thread" daemon [_thread_blocked, id=1820, stack(0x0000000017d40000,0x0000000017e40000)]
  0x0000000015fdf000 JavaThread "C1 CompilerThread2" daemon [_thread_blocked, id=6100, stack(0x0000000017840000,0x0000000017940000)]
  0x0000000015fdb000 JavaThread "C2 CompilerThread1" daemon [_thread_in_native, id=2980, stack(0x0000000017740000,0x0000000017840000)]
=>0x0000000015feb000 JavaThread "C2 CompilerThread0" daemon [_thread_in_native, id=3580, stack(0x0000000017640000,0x0000000017740000)]
  0x0000000015fe9800 JavaThread "Attach Listener" daemon [_thread_blocked, id=9004, stack(0x0000000017540000,0x0000000017640000)]
  0x0000000015fe6800 JavaThread "Signal Dispatcher" daemon [_thread_blocked, id=924, stack(0x0000000017440000,0x0000000017540000)]
  0x0000000015fc8800 JavaThread "Finalizer" daemon [_thread_blocked, id=3452, stack(0x0000000017240000,0x0000000017340000)]
  0x0000000002661000 JavaThread "Reference Handler" daemon [_thread_blocked, id=2188, stack(0x0000000017140000,0x0000000017240000)]
  0x0000000002570800 JavaThread "main" [_thread_blocked, id=6540, stack(0x0000000002470000,0x0000000002570000)]

Other Threads:
  0x0000000015fa6800 VMThread [stack: 0x0000000017040000,0x0000000017140000] [id=4808]
  0x000000001603b800 WatcherThread [stack: 0x0000000017e40000,0x0000000017f40000] [id=4364]

VM state:not at safepoint (normal execution)

VM Mutex/Monitor currently owned by a thread: None

Heap:
 PSYoungGen      total 87552K, used 83092K [0x00000000e0000000, 0x00000000e8a00000, 0x0000000100000000)
  eden space 77312K, 95% used [0x00000000e0000000,0x00000000e4870aa0,0x00000000e4b80000)
  from space 10240K, 87% used [0x00000000e4b80000,0x00000000e5434658,0x00000000e5580000)
  to   space 10752K, 0% used [0x00000000e7f80000,0x00000000e7f80000,0x00000000e8a00000)
 ParOldGen       total 45056K, used 14024K [0x00000000a0000000, 0x00000000a2c00000, 0x00000000e0000000)
  object space 45056K, 31% used [0x00000000a0000000,0x00000000a0db23d0,0x00000000a2c00000)
 Metaspace       used 44939K, capacity 45974K, committed 46336K, reserved 1089536K
  class space    used 6021K, capacity 6275K, committed 6400K, reserved 1048576K

Card table byte_map: [0x0000000011a30000,0x0000000011d40000] byte_map_base: 0x0000000011530000

Marking Bits: (ParMarkBitMap*) 0x0000000065cb18f0
 Begin Bits: [0x0000000012340000, 0x0000000013b40000)
 End Bits:   [0x0000000013b40000, 0x0000000015340000)

Polling page: 0x0000000000740000

CodeCache: size=245760Kb used=16251Kb max_used=16251Kb free=229508Kb
 bounds [0x0000000002670000, 0x0000000003660000, 0x0000000011670000]
 total_blobs=5466 nmethods=4728 adapters=650
 compilation: enabled

Compilation events (10 events):
Event: 23.530 Thread 0x0000000015fdf000 5237       1       org.gradle.api.internal.project.taskfactory.TaskPropertyInfo::getConfigureAction (5 bytes)
Event: 23.530 Thread 0x0000000015fdf000 nmethod 5237 0x0000000003659d50 code [0x0000000003659ea0, 0x0000000003659fb0]
Event: 23.530 Thread 0x0000000015fdf000 5238       2       org.gradle.model.internal.registry.RuleBindings$NodeAtStateIndex::getByState (38 bytes)
Event: 23.531 Thread 0x0000000015fdf000 nmethod 5238 0x000000000365a010 code [0x000000000365a1c0, 0x000000000365a4e8]
Event: 23.531 Thread 0x0000000015fdf000 5239       2       org.gradle.model.internal.registry.RuleBindings$NodeAtStateIndex::getByPath (34 bytes)
Event: 23.532 Thread 0x0000000015fdf000 nmethod 5239 0x000000000365a750 code [0x000000000365a8c0, 0x000000000365ab58]
Event: 23.532 Thread 0x0000000015fdf000 5240       2       java.lang.Byte::hashCode (8 bytes)
Event: 23.532 Thread 0x0000000015fdf000 nmethod 5240 0x000000000365ac50 code [0x000000000365ada0, 0x000000000365aef0]
Event: 23.538 Thread 0x0000000015fdf000 5242   !   2       com.sun.proxy.$Proxy32::annotationType (29 bytes)
Event: 23.538 Thread 0x0000000015fdf000 nmethod 5242 0x000000000365af50 code [0x000000000365b0e0, 0x000000000365b398]

GC Heap History (10 events):
Event: 18.353 GC heap before
{Heap before GC invocations=11 (full 1):
 PSYoungGen      total 66048K, used 65689K [0x00000000e0000000, 0x00000000e4a00000, 0x0000000100000000)
  eden space 59392K, 100% used [0x00000000e0000000,0x00000000e3a00000,0x00000000e3a00000)
  from space 6656K, 94% used [0x00000000e3d80000,0x00000000e43a64e0,0x00000000e4400000)
  to   space 6144K, 0% used [0x00000000e4400000,0x00000000e4400000,0x00000000e4a00000)
 ParOldGen       total 37376K, used 9094K [0x00000000a0000000, 0x00000000a2480000, 0x00000000e0000000)
  object space 37376K, 24% used [0x00000000a0000000,0x00000000a08e19e8,0x00000000a2480000)
 Metaspace       used 29735K, capacity 30194K, committed 30336K, reserved 1075200K
  class space    used 4033K, capacity 4158K, committed 4224K, reserved 1048576K
Event: 18.378 GC heap after
Heap after GC invocations=11 (full 1):
 PSYoungGen      total 67584K, used 6126K [0x00000000e0000000, 0x00000000e5780000, 0x0000000100000000)
  eden space 61440K, 0% used [0x00000000e0000000,0x00000000e0000000,0x00000000e3c00000)
  from space 6144K, 99% used [0x00000000e4400000,0x00000000e49fbb90,0x00000000e4a00000)
  to   space 8192K, 0% used [0x00000000e3c00000,0x00000000e3c00000,0x00000000e4400000)
 ParOldGen       total 37376K, used 9491K [0x00000000a0000000, 0x00000000a2480000, 0x00000000e0000000)
  object space 37376K, 25% used [0x00000000a0000000,0x00000000a0944db8,0x00000000a2480000)
 Metaspace       used 29735K, capacity 30194K, committed 30336K, reserved 1075200K
  class space    used 4033K, capacity 4158K, committed 4224K, reserved 1048576K
}
Event: 19.498 GC heap before
{Heap before GC invocations=12 (full 1):
 PSYoungGen      total 67584K, used 67566K [0x00000000e0000000, 0x00000000e5780000, 0x0000000100000000)
  eden space 61440K, 100% used [0x00000000e0000000,0x00000000e3c00000,0x00000000e3c00000)
  from space 6144K, 99% used [0x00000000e4400000,0x00000000e49fbb90,0x00000000e4a00000)
  to   space 8192K, 0% used [0x00000000e3c00000,0x00000000e3c00000,0x00000000e4400000)
 ParOldGen       total 37376K, used 9491K [0x00000000a0000000, 0x00000000a2480000, 0x00000000e0000000)
  object space 37376K, 25% used [0x00000000a0000000,0x00000000a0944db8,0x00000000a2480000)
 Metaspace       used 34801K, capacity 35350K, committed 35496K, reserved 1079296K
  class space    used 4649K, capacity 4816K, committed 4864K, reserved 1048576K
Event: 19.521 GC heap after
Heap after GC invocations=12 (full 1):
 PSYoungGen      total 69632K, used 8162K [0x00000000e0000000, 0x00000000e5f80000, 0x0000000100000000)
  eden space 61440K, 0% used [0x00000000e0000000,0x00000000e0000000,0x00000000e3c00000)
  from space 8192K, 99% used [0x00000000e3c00000,0x00000000e43f8878,0x00000000e4400000)
  to   space 10240K, 0% used [0x00000000e5580000,0x00000000e5580000,0x00000000e5f80000)
 ParOldGen       total 37376K, used 12644K [0x00000000a0000000, 0x00000000a2480000, 0x00000000e0000000)
  object space 37376K, 33% used [0x00000000a0000000,0x00000000a0c591b0,0x00000000a2480000)
 Metaspace       used 34801K, capacity 35350K, committed 35496K, reserved 1079296K
  class space    used 4649K, capacity 4816K, committed 4864K, reserved 1048576K
}
Event: 19.531 GC heap before
{Heap before GC invocations=13 (full 1):
 PSYoungGen      total 69632K, used 9404K [0x00000000e0000000, 0x00000000e5f80000, 0x0000000100000000)
  eden space 61440K, 2% used [0x00000000e0000000,0x00000000e01367e8,0x00000000e3c00000)
  from space 8192K, 99% used [0x00000000e3c00000,0x00000000e43f8878,0x00000000e4400000)
  to   space 10240K, 0% used [0x00000000e5580000,0x00000000e5580000,0x00000000e5f80000)
 ParOldGen       total 37376K, used 12644K [0x00000000a0000000, 0x00000000a2480000, 0x00000000e0000000)
  object space 37376K, 33% used [0x00000000a0000000,0x00000000a0c591b0,0x00000000a2480000)
 Metaspace       used 34826K, capacity 35350K, committed 35496K, reserved 1079296K
  class space    used 4651K, capacity 4816K, committed 4864K, reserved 1048576K
Event: 19.550 GC heap after
Heap after GC invocations=13 (full 1):
 PSYoungGen      total 87552K, used 5648K [0x00000000e0000000, 0x00000000e7080000, 0x0000000100000000)
  eden space 77312K, 0% used [0x00000000e0000000,0x00000000e0000000,0x00000000e4b80000)
  from space 10240K, 55% used [0x00000000e5580000,0x00000000e5b04010,0x00000000e5f80000)
  to   space 10240K, 0% used [0x00000000e4b80000,0x00000000e4b80000,0x00000000e5580000)
 ParOldGen       total 37376K, used 14540K [0x00000000a0000000, 0x00000000a2480000, 0x00000000e0000000)
  object space 37376K, 38% used [0x00000000a0000000,0x00000000a0e33220,0x00000000a2480000)
 Metaspace       used 34826K, capacity 35350K, committed 35496K, reserved 1079296K
  class space    used 4651K, capacity 4816K, committed 4864K, reserved 1048576K
}
Event: 19.550 GC heap before
{Heap before GC invocations=14 (full 2):
 PSYoungGen      total 87552K, used 5648K [0x00000000e0000000, 0x00000000e7080000, 0x0000000100000000)
  eden space 77312K, 0% used [0x00000000e0000000,0x00000000e0000000,0x00000000e4b80000)
  from space 10240K, 55% used [0x00000000e5580000,0x00000000e5b04010,0x00000000e5f80000)
  to   space 10240K, 0% used [0x00000000e4b80000,0x00000000e4b80000,0x00000000e5580000)
 ParOldGen       total 37376K, used 14540K [0x00000000a0000000, 0x00000000a2480000, 0x00000000e0000000)
  object space 37376K, 38% used [0x00000000a0000000,0x00000000a0e33220,0x00000000a2480000)
 Metaspace       used 34826K, capacity 35350K, committed 35496K, reserved 1079296K
  class space    used 4651K, capacity 4816K, committed 4864K, reserved 1048576K
Event: 19.687 GC heap after
Heap after GC invocations=14 (full 2):
 PSYoungGen      total 87552K, used 0K [0x00000000e0000000, 0x00000000e7080000, 0x0000000100000000)
  eden space 77312K, 0% used [0x00000000e0000000,0x00000000e0000000,0x00000000e4b80000)
  from space 10240K, 0% used [0x00000000e5580000,0x00000000e5580000,0x00000000e5f80000)
  to   space 10240K, 0% used [0x00000000e4b80000,0x00000000e4b80000,0x00000000e5580000)
 ParOldGen       total 45056K, used 14016K [0x00000000a0000000, 0x00000000a2c00000, 0x00000000e0000000)
  object space 45056K, 31% used [0x00000000a0000000,0x00000000a0db03d0,0x00000000a2c00000)
 Metaspace       used 34826K, capacity 35350K, committed 35496K, reserved 1079296K
  class space    used 4651K, capacity 4816K, committed 4864K, reserved 1048576K
}
Event: 21.854 GC heap before
{Heap before GC invocations=15 (full 2):
 PSYoungGen      total 87552K, used 77312K [0x00000000e0000000, 0x00000000e7080000, 0x0000000100000000)
  eden space 77312K, 100% used [0x00000000e0000000,0x00000000e4b80000,0x00000000e4b80000)
  from space 10240K, 0% used [0x00000000e5580000,0x00000000e5580000,0x00000000e5f80000)
  to   space 10240K, 0% used [0x00000000e4b80000,0x00000000e4b80000,0x00000000e5580000)
 ParOldGen       total 45056K, used 14016K [0x00000000a0000000, 0x00000000a2c00000, 0x00000000e0000000)
  object space 45056K, 31% used [0x00000000a0000000,0x00000000a0db03d0,0x00000000a2c00000)
 Metaspace       used 42070K, capacity 42804K, committed 43008K, reserved 1087488K
  class space    used 5637K, capacity 5838K, committed 5888K, reserved 1048576K
Event: 21.879 GC heap after
Heap after GC invocations=15 (full 2):
 PSYoungGen      total 87552K, used 8913K [0x00000000e0000000, 0x00000000e8a00000, 0x0000000100000000)
  eden space 77312K, 0% used [0x00000000e0000000,0x00000000e0000000,0x00000000e4b80000)
  from space 10240K, 87% used [0x00000000e4b80000,0x00000000e5434658,0x00000000e5580000)
  to   space 10752K, 0% used [0x00000000e7f80000,0x00000000e7f80000,0x00000000e8a00000)
 ParOldGen       total 45056K, used 14024K [0x00000000a0000000, 0x00000000a2c00000, 0x00000000e0000000)
  object space 45056K, 31% used [0x00000000a0000000,0x00000000a0db23d0,0x00000000a2c00000)
 Metaspace       used 42070K, capacity 42804K, committed 43008K, reserved 1087488K
  class space    used 5637K, capacity 5838K, committed 5888K, reserved 1048576K
}

Deoptimization events (10 events):
Event: 21.535 Thread 0x0000000018d75800 Uncommon trap: reason=unstable_if action=reinterpret pc=0x0000000002e26bf8 method=java.util.WeakHashMap.remove(Ljava/lang/Object;)Ljava/lang/Object; @ 94
Event: 21.689 Thread 0x0000000018d75800 Uncommon trap: reason=unstable_if action=reinterpret pc=0x00000000031068c8 method=java.lang.CharacterDataLatin1.digit(II)I @ 31
Event: 21.713 Thread 0x0000000018d75800 Uncommon trap: reason=unstable_if action=reinterpret pc=0x00000000030676e8 method=java.lang.CharacterDataLatin1.digit(II)I @ 31
Event: 21.964 Thread 0x0000000018d75800 Uncommon trap: reason=unstable_if action=reinterpret pc=0x0000000002ed6838 method=java.util.regex.Pattern$BitClass.isSatisfiedBy(I)Z @ 4
Event: 21.964 Thread 0x0000000018d75800 Uncommon trap: reason=unstable_if action=reinterpret pc=0x0000000002bc038c method=java.util.regex.Pattern$Ctype.isSatisfiedBy(I)Z @ 4
Event: 22.923 Thread 0x0000000018d75800 Uncommon trap: reason=class_check action=maybe_recompile pc=0x0000000002792278 method=com.google.common.collect.AbstractMapBasedMultimap$WrappedCollection.refreshIfEmpty()V @ 59
Event: 22.923 Thread 0x0000000018d75800 Uncommon trap: reason=class_check action=maybe_recompile pc=0x0000000002792278 method=com.google.common.collect.AbstractMapBasedMultimap$WrappedCollection.refreshIfEmpty()V @ 59
Event: 22.923 Thread 0x0000000018d75800 Uncommon trap: reason=class_check action=maybe_recompile pc=0x0000000002792278 method=com.google.common.collect.AbstractMapBasedMultimap$WrappedCollection.refreshIfEmpty()V @ 59
Event: 22.923 Thread 0x0000000018d75800 Uncommon trap: reason=class_check action=maybe_recompile pc=0x0000000002792278 method=com.google.common.collect.AbstractMapBasedMultimap$WrappedCollection.refreshIfEmpty()V @ 59
Event: 23.326 Thread 0x0000000018d75800 Uncommon trap: reason=unstable_if action=reinterpret pc=0x00000000034a2fbc method=java.io.WinNTFileSystem.normalizePrefix(Ljava/lang/String;ILjava/lang/StringBuffer;)I @ 62

Internal exceptions (10 events):
Event: 23.440 Thread 0x0000000018d75800 Exception <a 'java/lang/ClassNotFoundException': com/android/build/gradle/tasks/MergeSourceSetFoldersCustomizer> (0x00000000e41ddcc8) thrown at [C:\src\android\AOSP-openjdk\external\jetbrains\jdk\hotspot\src\share\vm\classfile\systemDictionary.cpp, line 21£ÙôÅCq7@
Event: 23.442 Thread 0x0000000018d75800 Exception <a 'java/lang/ClassNotFoundException': com/android/build/gradle/tasks/MergeSourceSetFolders_DecoratedCustomizer> (0x00000000e420e060) thrown at [C:\src\android\AOSP-openjdk\external\jetbrains\jdk\hotspot\src\share\vm\classfile\systemDictionary.cp™g	'¥v7@
Event: 23.464 Thread 0x0000000018d75800 Exception <a 'java/lang/ClassNotFoundException': com/android/build/gradle/tasks/GenerateBuildConfig_DecoratedBeanInfo> (0x00000000e431acc0) thrown at [C:\src\android\AOSP-openjdk\external\jetbrains\jdk\hotspot\src\share\vm\classfile\systemDictionary.cpp, l´êﬁÅ‡v7@
Event: 23.464 Thread 0x0000000018d75800 Exception <a 'java/lang/ClassNotFoundException': com/android/build/gradle/tasks/GenerateBuildConfigBeanInfo> (0x00000000e432dbc0) thrown at [C:\src\android\AOSP-openjdk\external\jetbrains\jdk\hotspot\src\share\vm\classfile\systemDictionary.cpp, line 210]
Event: 23.465 Thread 0x0000000018d75800 Exception <a 'java/lang/ClassNotFoundException': com/android/build/gradle/tasks/GenerateBuildConfigCustomizer> (0x00000000e4341610) thrown at [C:\src\android\AOSP-openjdk\external\jetbrains\jdk\hotspot\src\share\vm\classfile\systemDictionary.cpp, line 210]ÈÖx7@
Event: 23.469 Thread 0x0000000018d75800 Exception <a 'java/lang/ClassNotFoundException': com/android/build/gradle/tasks/GenerateBuildConfig_DecoratedCustomizer> (0x00000000e4389cd8) thrown at [C:\src\android\AOSP-openjdk\external\jetbrains\jdk\hotspot\src\share\vm\classfile\systemDictionary.cpp,5öSäâ7@
Event: 23.535 Thread 0x0000000018d75800 Exception <a 'java/lang/ClassNotFoundException': com/android/build/gradle/tasks/ProcessAndroidResources_DecoratedBeanInfo> (0x00000000e459ed58) thrown at [C:\src\android\AOSP-openjdk\external\jetbrains\jdk\hotspot\src\share\vm\classfile\systemDictionary.cp\…za-â7@
Event: 23.536 Thread 0x0000000018d75800 Exception <a 'java/lang/ClassNotFoundException': com/android/build/gradle/tasks/ProcessAndroidResourcesBeanInfo> (0x00000000e45b2c68) thrown at [C:\src\android\AOSP-openjdk\external\jetbrains\jdk\hotspot\src\share\vm\classfile\systemDictionary.cpp, line 21&À‚Xâ7@
Event: 23.537 Thread 0x0000000018d75800 Exception <a 'java/lang/ClassNotFoundException': com/android/build/gradle/tasks/ProcessAndroidResourcesCustomizer> (0x00000000e45c7300) thrown at [C:\src\android\AOSP-openjdk\external\jetbrains\jdk\hotspot\src\share\vm\classfile\systemDictionary.cpp, line Å–+TZä7@
Event: 23.540 Thread 0x0000000018d75800 Exception <a 'java/lang/ClassNotFoundException': com/android/build/gradle/tasks/ProcessAndroidResources_DecoratedCustomizer> (0x00000000e463ce48) thrown at [C:\src\android\AOSP-openjdk\external\jetbrains\jdk\hotspot\src\share\vm\classfile\systemDictionary.»ÂQñp7@

Events (10 events):
Event: 23.536 loading class com/android/build/gradle/tasks/ProcessAndroidResourcesCustomizer
Event: 23.536 loading class com/android/build/gradle/tasks/ProcessAndroidResourcesCustomizer done
Event: 23.540 loading class com/android/build/gradle/tasks/ProcessAndroidResources_DecoratedCustomizer
Event: 23.540 loading class com/android/build/gradle/tasks/ProcessAndroidResources_DecoratedCustomizer done
Event: 23.540 loading class com/android/build/gradle/tasks/ProcessAndroidResources_DecoratedCustomizer
Event: 23.540 loading class com/android/build/gradle/tasks/ProcessAndroidResources_DecoratedCustomizer done
Event: 23.540 loading class com/android/build/gradle/tasks/ProcessAndroidResources_DecoratedCustomizer
Event: 23.540 loading class com/android/build/gradle/tasks/ProcessAndroidResources_DecoratedCustomizer done
Event: 23.545 loading class com/android/build/gradle/tasks/ProcessAndroidResources$ConfigAction$1
Event: 23.545 loading class com/android/build/gradle/tasks/ProcessAndroidResources$ConfigAction$1 done


Dynamic libraries:
0x00007ff6a1610000 - 0x00007ff6a1641000 	C:\Program Files\Android\Android Studio\jre\bin\java.exe
0x00007ff968600000 - 0x00007ff9687d1000 	C:\Windows\SYSTEM32\ntdll.dll
0x00007ff965ff0000 - 0x00007ff96609b000 	C:\Windows\System32\KERNEL32.DLL
0x00007ff965510000 - 0x00007ff96572d000 	C:\Windows\System32\KERNELBASE.dll
0x00007ff9683e0000 - 0x00007ff968482000 	C:\Windows\System32\ADVAPI32.dll
0x00007ff966430000 - 0x00007ff9664ce000 	C:\Windows\System32\msvcrt.dll
0x00007ff968490000 - 0x00007ff9684e9000 	C:\Windows\System32\sechost.dll
0x00007ff965cf0000 - 0x00007ff965e11000 	C:\Windows\System32\RPCRT4.dll
0x00007ff967dd0000 - 0x00007ff967f35000 	C:\Windows\System32\USER32.dll
0x00007ff965730000 - 0x00007ff96574e000 	C:\Windows\System32\win32u.dll
0x00007ff9684f0000 - 0x00007ff968524000 	C:\Windows\System32\GDI32.dll
0x00007ff965a00000 - 0x00007ff965b82000 	C:\Windows\System32\gdi32full.dll
0x00007ff95c9c0000 - 0x00007ff95cc3a000 	C:\Windows\WinSxS\amd64_microsoft.windows.common-controls_6595b64144ccf1df_6.0.14393.953_none_42151e83c686086b\COMCTL32.dll
0x00007ff9660a0000 - 0x00007ff966368000 	C:\Windows\System32\combase.dll
0x00007ff9657b0000 - 0x00007ff9658a5000 	C:\Windows\System32\ucrtbase.dll
0x00007ff964af0000 - 0x00007ff964b5a000 	C:\Windows\System32\bcryptPrimitives.dll
0x00007ff968530000 - 0x00007ff96855e000 	C:\Windows\System32\IMM32.DLL
0x0000000065330000 - 0x0000000065402000 	C:\Program Files\Android\Android Studio\jre\jre\bin\msvcr100.dll
0x00000000654f0000 - 0x0000000065d2c000 	C:\Program Files\Android\Android Studio\jre\jre\bin\server\jvm.dll
0x00007ff9667c0000 - 0x00007ff9667c8000 	C:\Windows\System32\PSAPI.DLL
0x00007ff95a5f0000 - 0x00007ff95a5fa000 	C:\Windows\SYSTEM32\VERSION.dll
0x00007ff962da0000 - 0x00007ff962dc3000 	C:\Windows\SYSTEM32\WINMM.dll
0x00007ff954b10000 - 0x00007ff954b19000 	C:\Windows\SYSTEM32\WSOCK32.dll
0x00007ff9667d0000 - 0x00007ff96683a000 	C:\Windows\System32\WS2_32.dll
0x0000000002350000 - 0x000000000237b000 	C:\Windows\SYSTEM32\WINMMBASE.dll
0x00007ff965410000 - 0x00007ff965452000 	C:\Windows\System32\cfgmgr32.dll
0x00007ff962e50000 - 0x00007ff962e5f000 	C:\Program Files\Android\Android Studio\jre\jre\bin\verify.dll
0x00007ff95c070000 - 0x00007ff95c099000 	C:\Program Files\Android\Android Studio\jre\jre\bin\java.dll
0x00007ff961120000 - 0x00007ff961136000 	C:\Program Files\Android\Android Studio\jre\jre\bin\zip.dll
0x00007ff9668a0000 - 0x00007ff967da8000 	C:\Windows\System32\SHELL32.dll
0x00007ff964d30000 - 0x00007ff96540a000 	C:\Windows\System32\windows.storage.dll
0x00007ff964a90000 - 0x00007ff964adc000 	C:\Windows\System32\powrprof.dll
0x00007ff965e20000 - 0x00007ff965e72000 	C:\Windows\System32\shlwapi.dll
0x00007ff964ae0000 - 0x00007ff964aef000 	C:\Windows\System32\kernel.appcore.dll
0x00007ff9658b0000 - 0x00007ff965959000 	C:\Windows\System32\shcore.dll
0x00007ff964a60000 - 0x00007ff964a74000 	C:\Windows\System32\profapi.dll
0x00007ff95fef0000 - 0x00007ff95ff0a000 	C:\Program Files\Android\Android Studio\jre\jre\bin\net.dll
0x00007ff964390000 - 0x00007ff9643ec000 	C:\Windows\system32\mswsock.dll
0x00007ff95c050000 - 0x00007ff95c061000 	C:\Program Files\Android\Android Studio\jre\jre\bin\nio.dll
0x00007ff957f30000 - 0x00007ff957f4e000 	C:\Users\nicha\.gradle\native\23\windows-amd64\native-platform.dll
0x00007ff964530000 - 0x00007ff964547000 	C:\Windows\SYSTEM32\CRYPTSP.dll
0x00007ff963f90000 - 0x00007ff963fc3000 	C:\Windows\system32\rsaenh.dll
0x00007ff964640000 - 0x00007ff96466b000 	C:\Windows\SYSTEM32\bcrypt.dll
0x00007ff964210000 - 0x00007ff96422f000 	C:\Windows\SYSTEM32\USERENV.dll
0x00007ff964550000 - 0x00007ff96455b000 	C:\Windows\SYSTEM32\CRYPTBASE.dll
0x00007ff964110000 - 0x00007ff964148000 	C:\Windows\SYSTEM32\IPHLPAPI.DLL
0x00007ff9683d0000 - 0x00007ff9683d8000 	C:\Windows\System32\NSI.dll
0x00007ff95c2f0000 - 0x00007ff95c306000 	C:\Windows\SYSTEM32\dhcpcsvc6.DLL
0x00007ff95c260000 - 0x00007ff95c27a000 	C:\Windows\SYSTEM32\dhcpcsvc.DLL
0x00007ff95a960000 - 0x00007ff95a96d000 	C:\Program Files\Android\Android Studio\jre\jre\bin\management.dll

VM Arguments:
jvm_args: -Xmx1536m -Dfile.encoding=windows-1252 -Duser.country=BR -Duser.language=pt -Duser.variant 
java_command: org.gradle.launcher.daemon.bootstrap.GradleDaemon 3.3
java_class_path (initial): C:\Users\nicha\.gradle\wrapper\dists\gradle-3.3-all\55gk2rcmfc6p2dg9u9ohc3hw9\gradle-3.3\lib\gradle-launcher-3.3.jar
Launcher Type: SUN_STANDARD

Environment Variables:
JAVA_HOME=C:\Program Files\Java\jdk1.8.0_111
CLASSPATH=C:\Program Files\Java\jdk1.8.0_111\lib\tools.jar
PATH=C:\ProgramData\Oracle\Java\javapath;C:\Windows\system32;C:\Windows;C:\Windows\System32\Wbem;C:\Windows\System32\WindowsPowerShell\v1.0\;C:\Windows\system32\config\systemprofile\.dnx\bin;C:\Program Files\Microsoft DNX\Dnvm\;C:\Program Files (x86)\Windows Kits\8.1\Windows Performance Toolkit\;C:\Program Files\Microsoft SQL Server\130\Tools\Binn\;C:\Program Files (x86)\nodejs\;C:\Program Files (x86)\Microsoft Emulator Manager\1.0\;C:\Program Files (x86)\Skype\Phone\;C:\Program Files\Git\cmd;C:\Program Files\PuTTY\;C:\Program Files\Java\jdk1.8.0_111\bin;C:\Users\nicha\AppData\Local\Microsoft\WindowsApps;C:\Users\nicha\AppData\Roaming\npm
USERNAME=nicha
OS=Windows_NT
PROCESSOR_IDENTIFIER=Intel64 Family 6 Model 69 Stepping 1, GenuineIntel



---------------  S Y S T E M  ---------------

OS: Windows 10.0 , 64 bit Build 14393 (10.0.14393.0)

CPU:total 4 (2 cores per cpu, 2 threads per core) family 6 model 69 stepping 1, cmov, cx8, fxsr, mmx, sse, sse2, sse3, ssse3, sse4.1, sse4.2, popcnt, avx, avx2, aes, clmul, erms, lzcnt, ht, tsc, tscinvbit, bmi1, bmi2

Memory: 4k page, physical 4097032k(610692k free), swap 8221684k(3636k free)

vm_info: OpenJDK 64-Bit Server VM (25.112-b06) for windows-amd64 JRE (1.8.0_112-release-b06), built on Dec  8 2016 00:54:26 by "builder" with MS VC++ 10.0 (VS2010)

time: Mon May 08 20:14:03 2017
elapsed time: 23 seconds (0d 0h 0m 23s)

