#
# There is insufficient memory for the Java Runtime Environment to continue.
# Native memory allocation (malloc) failed to allocate 1087376 bytes for Chunk::new
# Possible reasons:
#   The system is out of physical RAM or swap space
#   In 32 bit mode, the process size limit was hit
# Possible solutions:
#   Reduce memory load on the system
#   Increase physical memory or swap space
#   Check if swap backing store is full
#   Use 64 bit Java on a 64 bit OS
#   Decrease Java heap size (-Xmx/-Xms)
#   Decrease number of Java threads
#   Decrease Java thread stack sizes (-Xss)
#   Set larger code cache with -XX:ReservedCodeCacheSize=
# This output file may be truncated or incomplete.
#
#  Out of Memory Error (allocation.cpp:390), pid=7628, tid=0x0000000000000b94
#
# JRE version: OpenJDK Runtime Environment (8.0_112-b06) (build 1.8.0_112-release-b06)
# Java VM: OpenJDK 64-Bit Server VM (25.112-b06 mixed mode windows-amd64 compressed oops)
# Failed to write core dump. Minidumps are not enabled by default on client versions of Windows
#

---------------  T H R E A D  ---------------

Current thread (0x00000000166f1000):  JavaThread "C2 CompilerThread1" daemon [_thread_in_native, id=2964, stack(0x0000000017e40000,0x0000000017f40000)]

Stack: [0x0000000017e40000,0x0000000017f40000]
[error occurred during error reporting (printing stack bounds), id 0xc0000005]

Native frames: (J=compiled Java code, j=interpreted, Vv=VM code, C=native code)


Current CompileTask:
C2:3345950 17501       4       com.android.dx.dex.code.OutputFinisher::addConstants (93 bytes)


---------------  P R O C E S S  ---------------

Java Threads: ( => current thread )
  0x000000001a5dd000 JavaThread "Forward streams with process: command 'C:\Users\nicha\AppData\Local\Android\Sdk\build-tools\25.0.2\aapt.exe' Thread 3" [_thread_in_native, id=7444, stack(0x000000002cc40000,0x000000002cd40000)]
  0x000000001a5de000 JavaThread "Forward streams with process: command 'C:\Users\nicha\AppData\Local\Android\Sdk\build-tools\25.0.2\aapt.exe' Thread 2" [_thread_in_native, id=916, stack(0x000000002cb40000,0x000000002cc40000)]
  0x000000001a5d5800 JavaThread "Forward streams with process: command 'C:\Users\nicha\AppData\Local\Android\Sdk\build-tools\25.0.2\aapt.exe'" [_thread_blocked, id=8640, stack(0x000000002ca40000,0x000000002cb40000)]
  0x000000001a5db800 JavaThread "Forward streams with process: command 'C:\Users\nicha\AppData\Local\Android\Sdk\build-tools\25.0.2\aapt.exe' Thread 3" [_thread_in_native, id=7636, stack(0x000000002c840000,0x000000002c940000)]
  0x000000001a5d4000 JavaThread "Forward streams with process: command 'C:\Users\nicha\AppData\Local\Android\Sdk\build-tools\25.0.2\aapt.exe' Thread 2" [_thread_in_native, id=3432, stack(0x000000002c740000,0x000000002c840000)]
  0x000000001a5db000 JavaThread "Forward streams with process: command 'C:\Users\nicha\AppData\Local\Android\Sdk\build-tools\25.0.2\aapt.exe'" [_thread_blocked, id=4980, stack(0x000000002c640000,0x000000002c740000)]
  0x000000001a5d8800 JavaThread "Forward streams with process: command 'C:\Users\nicha\AppData\Local\Android\Sdk\build-tools\25.0.2\aapt.exe' Thread 3" [_thread_in_native, id=6664, stack(0x000000002c440000,0x000000002c540000)]
  0x000000001a5d3800 JavaThread "Forward streams with process: command 'C:\Users\nicha\AppData\Local\Android\Sdk\build-tools\25.0.2\aapt.exe' Thread 2" [_thread_in_native, id=5576, stack(0x000000002c340000,0x000000002c440000)]
  0x000000001a5d7000 JavaThread "Forward streams with process: command 'C:\Users\nicha\AppData\Local\Android\Sdk\build-tools\25.0.2\aapt.exe'" [_thread_blocked, id=5180, stack(0x000000002c240000,0x000000002c340000)]
  0x000000001a5d9800 JavaThread "Forward streams with process: command 'C:\Users\nicha\AppData\Local\Android\Sdk\build-tools\25.0.2\aapt.exe' Thread 3" [_thread_in_native, id=8964, stack(0x000000002c040000,0x000000002c140000)]
  0x000000001a5d5000 JavaThread "Forward streams with process: command 'C:\Users\nicha\AppData\Local\Android\Sdk\build-tools\25.0.2\aapt.exe' Thread 2" [_thread_in_native, id=7572, stack(0x000000002bf40000,0x000000002c040000)]
  0x000000001a5d6800 JavaThread "Forward streams with process: command 'C:\Users\nicha\AppData\Local\Android\Sdk\build-tools\25.0.2\aapt.exe'" [_thread_blocked, id=5872, stack(0x000000002be40000,0x000000002bf40000)]
  0x00000000199fd000 JavaThread "Run command 'C:\Users\nicha\AppData\Local\Android\Sdk\build-tools\25.0.2\aapt.exe'" [_thread_in_native, id=3764, stack(0x000000002bc40000,0x000000002bd40000)]
  0x000000001c605000 JavaThread "Run command 'C:\Users\nicha\AppData\Local\Android\Sdk\build-tools\25.0.2\aapt.exe'" [_thread_in_native, id=8224, stack(0x000000002bb40000,0x000000002bc40000)]
  0x000000001c60c000 JavaThread "Run command 'C:\Users\nicha\AppData\Local\Android\Sdk\build-tools\25.0.2\aapt.exe'" [_thread_in_native, id=5748, stack(0x000000002ba40000,0x000000002bb40000)]
  0x000000001c606000 JavaThread "Run command 'C:\Users\nicha\AppData\Local\Android\Sdk\build-tools\25.0.2\aapt.exe'" [_thread_in_native, id=4288, stack(0x000000002b940000,0x000000002ba40000)]
  0x000000001c606800 JavaThread "Thread-75" [_thread_blocked, id=9008, stack(0x000000002b840000,0x000000002b940000)]
  0x000000001c60b000 JavaThread "Thread-74" [_thread_blocked, id=3780, stack(0x000000002b740000,0x000000002b840000)]
  0x000000001c609800 JavaThread "Thread-73" [_thread_blocked, id=9184, stack(0x000000002b640000,0x000000002b740000)]
  0x000000001c60a800 JavaThread "Thread-72" [_thread_blocked, id=6480, stack(0x000000002b540000,0x000000002b640000)]
  0x00000000199fe800 JavaThread "pool-6-thread-4" [_thread_blocked, id=1704, stack(0x0000000029640000,0x0000000029740000)]
  0x0000000019a03000 JavaThread "pool-24-thread-4" [_thread_blocked, id=4804, stack(0x0000000029540000,0x0000000029640000)]
  0x0000000019a03800 JavaThread "pool-24-thread-3" [_thread_blocked, id=7152, stack(0x0000000029440000,0x0000000029540000)]
  0x0000000019a01800 JavaThread "pool-24-thread-2" [_thread_blocked, id=8704, stack(0x0000000029340000,0x0000000029440000)]
  0x0000000019a00800 JavaThread "pool-24-thread-1" [_thread_blocked, id=2352, stack(0x0000000028c40000,0x0000000028d40000)]
  0x0000000019a02000 JavaThread "Cache update executor" [_thread_blocked, id=4748, stack(0x0000000028b40000,0x0000000028c40000)]
  0x00000000199f5800 JavaThread "Stdin handler" [_thread_blocked, id=7312, stack(0x0000000028a40000,0x0000000028b40000)]
  0x00000000199fb800 JavaThread "Asynchronous log dispatcher for DefaultDaemonConnection: socket connection from /127.0.0.1:53074 to /127.0.0.1:56401" [_thread_blocked, id=2936, stack(0x0000000028940000,0x0000000028a40000)]
  0x00000000199fa800 JavaThread "Daemon worker Thread 6" [_thread_blocked, id=5152, stack(0x0000000028840000,0x0000000028940000)]
  0x00000000199fa000 JavaThread "Cancel handler" [_thread_blocked, id=1928, stack(0x0000000028740000,0x0000000028840000)]
  0x00000000199f8800 JavaThread "Handler for socket connection from /127.0.0.1:53074 to /127.0.0.1:56401" [_thread_in_native, id=5136, stack(0x0000000028640000,0x0000000028740000)]
  0x00000000199f7000 JavaThread "Daemon Thread 6" [_thread_blocked, id=6312, stack(0x0000000028540000,0x0000000028640000)]
  0x00000000199ff000 JavaThread "pool-6-thread-3" [_thread_blocked, id=3340, stack(0x0000000027640000,0x0000000027740000)]
  0x00000000199f9000 JavaThread "pool-6-thread-1" [_thread_blocked, id=7584, stack(0x0000000024640000,0x0000000024740000)]
  0x00000000199f7800 JavaThread "pool-6-thread-2" [_thread_blocked, id=172, stack(0x0000000024540000,0x0000000024640000)]
  0x000000001a4c3000 JavaThread "File lock request listener" [_thread_in_native, id=5260, stack(0x000000001c0b0000,0x000000001c1b0000)]
  0x0000000019411000 JavaThread "pool-1-thread-1" [_thread_blocked, id=2564, stack(0x000000001b9b0000,0x000000001bab0000)]
  0x0000000019754800 JavaThread "Incoming local TCP Connector on port 53074" [_thread_in_native, id=3500, stack(0x0000000019e10000,0x0000000019f10000)]
  0x0000000018060800 JavaThread "Service Thread" daemon [_thread_blocked, id=5232, stack(0x0000000018440000,0x0000000018540000)]
  0x00000000166f4800 JavaThread "C1 CompilerThread2" daemon [_thread_blocked, id=6824, stack(0x0000000017f40000,0x0000000018040000)]
=>0x00000000166f1000 JavaThread "C2 CompilerThread1" daemon [_thread_in_native, id=2964, stack(0x0000000017e40000,0x0000000017f40000)]
  0x00000000166ee000 JavaThread "C2 CompilerThread0" daemon [_thread_blocked, id=376, stack(0x0000000017d40000,0x0000000017e40000)]
  0x00000000166ed000 JavaThread "Attach Listener" daemon [_thread_blocked, id=5652, stack(0x0000000017c40000,0x0000000017d40000)]
  0x00000000166e9800 JavaThread "Signal Dispatcher" daemon [_thread_blocked, id=5768, stack(0x0000000017b40000,0x0000000017c40000)]
  0x0000000002d7b000 JavaThread "Finalizer" daemon [_thread_blocked, id=7524, stack(0x0000000017940000,0x0000000017a40000)]
  0x0000000002d70000 JavaThread "Reference Handler" daemon [_thread_blocked, id=6012, stack(0x0000000017840000,0x0000000017940000)]
  0x0000000002c80800 JavaThread "main" [_thread_blocked, id=2388, stack(0x0000000002b80000,0x0000000002c80000)]

Other Threads:
  0x00000000166b6800 VMThread [stack: 0x0000000017740000,0x0000000017840000] [id=960]
  0x000000001674d800 WatcherThread [stack: 0x0000000018540000,0x0000000018640000] [id=6956]

VM state:not at safepoint (normal execution)

VM Mutex/Monitor currently owned by a thread: None

Heap:
 PSYoungGen      total 246272K, used 24389K [0x00000000e0000000, 0x00000000f1080000, 0x0000000100000000)
  eden space 223744K, 8% used [0x00000000e0000000,0x00000000e12accb8,0x00000000eda80000)
  from space 22528K, 23% used [0x00000000efa80000,0x00000000effa4870,0x00000000f1080000)
  to   space 27648K, 0% used [0x00000000eda80000,0x00000000eda80000,0x00000000ef580000)
 ParOldGen       total 92672K, used 60480K [0x00000000a0000000, 0x00000000a5a80000, 0x00000000e0000000)
  object space 92672K, 65% used [0x00000000a0000000,0x00000000a3b10370,0x00000000a5a80000)
 Metaspace       used 73329K, capacity 76978K, committed 77144K, reserved 1116160K
  class space    used 9385K, capacity 10041K, committed 10072K, reserved 1048576K

Card table byte_map: [0x0000000012140000,0x0000000012450000] byte_map_base: 0x0000000011c40000

Marking Bits: (ParMarkBitMap*) 0x0000000065cb18f0
 Begin Bits: [0x0000000012a50000, 0x0000000014250000)
 End Bits:   [0x0000000014250000, 0x0000000015a50000)

Polling page: 0x0000000001510000

CodeCache: size=245760Kb used=52094Kb max_used=52391Kb free=193665Kb
 bounds [0x0000000002d80000, 0x0000000006130000, 0x0000000011d80000]
 total_blobs=14905 nmethods=14110 adapters=706
 compilation: enabled

Compilation events (10 events):
Event: 3345.032 Thread 0x00000000166f4800 nmethod 17599 0x0000000005bc3950 code [0x0000000005bc3b80, 0x0000000005bc48d8]
Event: 3345.071 Thread 0x00000000166f4800 17600       1       org.gradle.internal.concurrent.StoppableExecutorImpl::access$000 (5 bytes)
Event: 3345.072 Thread 0x00000000166f4800 nmethod 17600 0x00000000052c7a90 code [0x00000000052c7be0, 0x00000000052c7cd0]
Event: 3345.256 Thread 0x00000000166ee000 nmethod 17255 0x0000000006124890 code [0x0000000006124bc0, 0x0000000006128590]
Event: 3345.258 Thread 0x00000000166ee000 17508       4       com.android.dx.dex.code.DalvInsnList::get (9 bytes)
Event: 3345.260 Thread 0x00000000166ee000 nmethod 17508 0x0000000002f46510 code [0x0000000002f46660, 0x0000000002f46758]
Event: 3345.262 Thread 0x00000000166ee000 17511       4       com.android.dx.rop.code.SourcePosition::sameLine (17 bytes)
Event: 3345.263 Thread 0x00000000166ee000 nmethod 17511 0x0000000003dedf90 code [0x0000000003dee0c0, 0x0000000003dee138]
Event: 3345.265 Thread 0x00000000166ee000 17512       4       com.android.dx.dex.code.DalvInsn::getAddress (22 bytes)
Event: 3345.266 Thread 0x00000000166ee000 nmethod 17512 0x0000000003e29210 code [0x0000000003e29340, 0x0000000003e293b8]

GC Heap History (10 events):
Event: 2317.182 GC heap before
{Heap before GC invocations=25 (full 3):
 PSYoungGen      total 205312K, used 198199K [0x00000000e0000000, 0x00000000f1600000, 0x0000000100000000)
  eden space 178688K, 100% used [0x00000000e0000000,0x00000000eae80000,0x00000000eae80000)
  from space 26624K, 73% used [0x00000000eae80000,0x00000000ec18de70,0x00000000ec880000)
  to   space 28160K, 0% used [0x00000000efa80000,0x00000000efa80000,0x00000000f1600000)
 ParOldGen       total 92672K, used 41335K [0x00000000a0000000, 0x00000000a5a80000, 0x00000000e0000000)
  object space 92672K, 44% used [0x00000000a0000000,0x00000000a285dc78,0x00000000a5a80000)
 Metaspace       used 71191K, capacity 74562K, committed 74712K, reserved 1114112K
  class space    used 9240K, capacity 9878K, committed 9944K, reserved 1048576K
Event: 2317.444 GC heap after
Heap after GC invocations=25 (full 3):
 PSYoungGen      total 246272K, used 6296K [0x00000000e0000000, 0x00000000f1080000, 0x0000000100000000)
  eden space 223744K, 0% used [0x00000000e0000000,0x00000000e0000000,0x00000000eda80000)
  from space 22528K, 27% used [0x00000000efa80000,0x00000000f00a6010,0x00000000f1080000)
  to   space 27648K, 0% used [0x00000000eda80000,0x00000000eda80000,0x00000000ef580000)
 ParOldGen       total 92672K, used 48159K [0x00000000a0000000, 0x00000000a5a80000, 0x00000000e0000000)
  object space 92672K, 51% used [0x00000000a0000000,0x00000000a2f07cc0,0x00000000a5a80000)
 Metaspace       used 71191K, capacity 74562K, committed 74712K, reserved 1114112K
  class space    used 9240K, capacity 9878K, committed 9944K, reserved 1048576K
}
Event: 3323.868 GC heap before
{Heap before GC invocations=26 (full 3):
 PSYoungGen      total 246272K, used 230040K [0x00000000e0000000, 0x00000000f1080000, 0x0000000100000000)
  eden space 223744K, 100% used [0x00000000e0000000,0x00000000eda80000,0x00000000eda80000)
  from space 22528K, 27% used [0x00000000efa80000,0x00000000f00a6010,0x00000000f1080000)
  to   space 27648K, 0% used [0x00000000eda80000,0x00000000eda80000,0x00000000ef580000)
 ParOldGen       total 92672K, used 48159K [0x00000000a0000000, 0x00000000a5a80000, 0x00000000e0000000)
  object space 92672K, 51% used [0x00000000a0000000,0x00000000a2f07cc0,0x00000000a5a80000)
 Metaspace       used 71725K, capacity 75300K, committed 75480K, reserved 1114112K
  class space    used 9272K, capacity 9929K, committed 9944K, reserved 1048576K
Event: 3324.358 GC heap after
Heap after GC invocations=26 (full 3):
 PSYoungGen      total 251392K, used 1648K [0x00000000e0000000, 0x00000000f1080000, 0x0000000100000000)
  eden space 223744K, 0% used [0x00000000e0000000,0x00000000e0000000,0x00000000eda80000)
  from space 27648K, 5% used [0x00000000eda80000,0x00000000edc1c260,0x00000000ef580000)
  to   space 22528K, 0% used [0x00000000efa80000,0x00000000efa80000,0x00000000f1080000)
 ParOldGen       total 92672K, used 52172K [0x00000000a0000000, 0x00000000a5a80000, 0x00000000e0000000)
  object space 92672K, 56% used [0x00000000a0000000,0x00000000a32f3140,0x00000000a5a80000)
 Metaspace       used 71725K, capacity 75300K, committed 75480K, reserved 1114112K
  class space    used 9272K, capacity 9929K, committed 9944K, reserved 1048576K
}
Event: 3339.889 GC heap before
{Heap before GC invocations=27 (full 3):
 PSYoungGen      total 251392K, used 224532K [0x00000000e0000000, 0x00000000f1080000, 0x0000000100000000)
  eden space 223744K, 99% used [0x00000000e0000000,0x00000000ed9a8e68,0x00000000eda80000)
  from space 27648K, 5% used [0x00000000eda80000,0x00000000edc1c260,0x00000000ef580000)
  to   space 22528K, 0% used [0x00000000efa80000,0x00000000efa80000,0x00000000f1080000)
 ParOldGen       total 92672K, used 52172K [0x00000000a0000000, 0x00000000a5a80000, 0x00000000e0000000)
  object space 92672K, 56% used [0x00000000a0000000,0x00000000a32f3140,0x00000000a5a80000)
 Metaspace       used 72944K, capacity 76542K, committed 76632K, reserved 1116160K
  class space    used 9366K, capacity 10032K, committed 10072K, reserved 1048576K
Event: 3339.915 GC heap after
Heap after GC invocations=27 (full 3):
 PSYoungGen      total 246272K, used 6146K [0x00000000e0000000, 0x00000000f1080000, 0x0000000100000000)
  eden space 223744K, 0% used [0x00000000e0000000,0x00000000e0000000,0x00000000eda80000)
  from space 22528K, 27% used [0x00000000efa80000,0x00000000f0080b98,0x00000000f1080000)
  to   space 27648K, 0% used [0x00000000eda80000,0x00000000eda80000,0x00000000ef580000)
 ParOldGen       total 92672K, used 53084K [0x00000000a0000000, 0x00000000a5a80000, 0x00000000e0000000)
  object space 92672K, 57% used [0x00000000a0000000,0x00000000a33d71e8,0x00000000a5a80000)
 Metaspace       used 72944K, capacity 76542K, committed 76632K, reserved 1116160K
  class space    used 9366K, capacity 10032K, committed 10072K, reserved 1048576K
}
Event: 3342.867 GC heap before
{Heap before GC invocations=28 (full 3):
 PSYoungGen      total 246272K, used 229890K [0x00000000e0000000, 0x00000000f1080000, 0x0000000100000000)
  eden space 223744K, 100% used [0x00000000e0000000,0x00000000eda80000,0x00000000eda80000)
  from space 22528K, 27% used [0x00000000efa80000,0x00000000f0080b98,0x00000000f1080000)
  to   space 27648K, 0% used [0x00000000eda80000,0x00000000eda80000,0x00000000ef580000)
 ParOldGen       total 92672K, used 53084K [0x00000000a0000000, 0x00000000a5a80000, 0x00000000e0000000)
  object space 92672K, 57% used [0x00000000a0000000,0x00000000a33d71e8,0x00000000a5a80000)
 Metaspace       used 73246K, capacity 76914K, committed 77144K, reserved 1116160K
  class space    used 9383K, capacity 10041K, committed 10072K, reserved 1048576K
Event: 3342.937 GC heap after
Heap after GC invocations=28 (full 3):
 PSYoungGen      total 251392K, used 24876K [0x00000000e0000000, 0x00000000f1080000, 0x0000000100000000)
  eden space 223744K, 0% used [0x00000000e0000000,0x00000000e0000000,0x00000000eda80000)
  from space 27648K, 89% used [0x00000000eda80000,0x00000000ef2cb2c0,0x00000000ef580000)
  to   space 22528K, 0% used [0x00000000efa80000,0x00000000efa80000,0x00000000f1080000)
 ParOldGen       total 92672K, used 57376K [0x00000000a0000000, 0x00000000a5a80000, 0x00000000e0000000)
  object space 92672K, 61% used [0x00000000a0000000,0x00000000a3808208,0x00000000a5a80000)
 Metaspace       used 73246K, capacity 76914K, committed 77144K, reserved 1116160K
  class space    used 9383K, capacity 10041K, committed 10072K, reserved 1048576K
}
Event: 3344.600 GC heap before
{Heap before GC invocations=29 (full 3):
 PSYoungGen      total 251392K, used 248620K [0x00000000e0000000, 0x00000000f1080000, 0x0000000100000000)
  eden space 223744K, 100% used [0x00000000e0000000,0x00000000eda80000,0x00000000eda80000)
  from space 27648K, 89% used [0x00000000eda80000,0x00000000ef2cb2c0,0x00000000ef580000)
  to   space 22528K, 0% used [0x00000000efa80000,0x00000000efa80000,0x00000000f1080000)
 ParOldGen       total 92672K, used 57376K [0x00000000a0000000, 0x00000000a5a80000, 0x00000000e0000000)
  object space 92672K, 61% used [0x00000000a0000000,0x00000000a3808208,0x00000000a5a80000)
 Metaspace       used 73314K, capacity 76978K, committed 77144K, reserved 1116160K
  class space    used 9385K, capacity 10041K, committed 10072K, reserved 1048576K
Event: 3344.632 GC heap after
Heap after GC invocations=29 (full 3):
 PSYoungGen      total 246272K, used 5266K [0x00000000e0000000, 0x00000000f1080000, 0x0000000100000000)
  eden space 223744K, 0% used [0x00000000e0000000,0x00000000e0000000,0x00000000eda80000)
  from space 22528K, 23% used [0x00000000efa80000,0x00000000effa4870,0x00000000f1080000)
  to   space 27648K, 0% used [0x00000000eda80000,0x00000000eda80000,0x00000000ef580000)
 ParOldGen       total 92672K, used 60480K [0x00000000a0000000, 0x00000000a5a80000, 0x00000000e0000000)
  object space 92672K, 65% used [0x00000000a0000000,0x00000000a3b10370,0x00000000a5a80000)
 Metaspace       used 73314K, capacity 76978K, committed 77144K, reserved 1116160K
  class space    used 9385K, capacity 10041K, committed 10072K, reserved 1048576K
}

Deoptimization events (10 events):
Event: 3342.979 Thread 0x000000001a5d4000 Uncommon trap: reason=unstable_if action=reinterpret pc=0x00000000054cea24 method=com.android.dx.ssa.SsaRenamer$BlockRenamer.visitMoveInsn(Lcom/android/dx/ssa/NormalSsaInsn;)V @ 104
Event: 3342.980 Thread 0x000000001a5d4000 Uncommon trap: reason=unstable_if action=reinterpret pc=0x0000000005522df0 method=com.android.dx.ssa.SsaRenamer$BlockRenamer.process()V @ 90
Event: 3342.986 Thread 0x000000001a5d4000 Uncommon trap: reason=unstable_if action=reinterpret pc=0x0000000005a2b5fc method=java.util.BitSet.clone()Ljava/lang/Object; @ 4
Event: 3342.993 Thread 0x000000001a5d4000 Uncommon trap: reason=unstable_if action=reinterpret pc=0x0000000005a53ec4 method=java.util.BitSet.clone()Ljava/lang/Object; @ 4
Event: 3343.002 Thread 0x000000001a5d8800 Uncommon trap: reason=unstable_if action=reinterpret pc=0x00000000059fd4ac method=com.android.dx.cf.code.RopperMachine.jopToRopOpcode(ILcom/android/dx/rop/cst/Constant;)I @ 1044
Event: 3343.403 Thread 0x000000001a5dc800 Uncommon trap: reason=unstable_if action=reinterpret pc=0x0000000006041610 method=com.android.dx.rop.code.Insn.contentEquals(Lcom/android/dx/rop/code/Insn;)Z @ 61
Event: 3344.029 Thread 0x000000001a5dc800 Uncommon trap: reason=unstable_if action=reinterpret pc=0x0000000005a71f48 method=com.android.dx.cf.code.Ropper.processBlock(Lcom/android/dx/cf/code/ByteBlock;Lcom/android/dx/cf/code/Frame;[I)V @ 513
Event: 3344.264 Thread 0x000000001a5de000 Uncommon trap: reason=unstable_if action=reinterpret pc=0x0000000005a7f004 method=com.android.dx.rop.code.RegisterSpecSet.equals(Ljava/lang/Object;)Z @ 30
Event: 3344.368 Thread 0x000000001a5de800 Uncommon trap: reason=unstable_if action=reinterpret pc=0x0000000004af73c8 method=com.android.dx.dex.code.LocalList$MakeState.snapshot(ILcom/android/dx/rop/code/RegisterSpecSet;)V @ 51
Event: 3344.433 Thread 0x000000001a5de000 Uncommon trap: reason=unstable_if action=reinterpret pc=0x00000000039d9d0c method=com.android.dx.dex.code.OutputFinisher.findOpcodeForInsn(Lcom/android/dx/dex/code/DalvInsn;Lcom/android/dx/dex/code/Dop;)Lcom/android/dx/dex/code/Dop; @ 1

Internal exceptions (10 events):
Event: 2315.408 Thread 0x00000000199fb800 Exception <a 'java/lang/ClassNotFoundException': asLocalRepo16124_76xsp4agpb5ihwi7o4hueg3pyBeanInfo> (0x00000000e8173f98) thrown at [C:\src\android\AOSP-openjdk\external\jetbrains\jdk\hotspot\src\share\vm\classfile\systemDictionary.cpp, line 210]
Event: 2315.412 Thread 0x00000000199fb800 Exception <a 'java/lang/ClassNotFoundException': asLocalRepo16124_76xsp4agpb5ihwi7o4hueg3pyCustomizer> (0x00000000e817f5e8) thrown at [C:\src\android\AOSP-openjdk\external\jetbrains\jdk\hotspot\src\share\vm\classfile\systemDictionary.cpp, line 210]
Event: 2334.238 Thread 0x00000000199fb800 Exception <a 'sun/nio/fs/WindowsException'> (0x00000000ec25f148) thrown at [C:\src\android\AOSP-openjdk\external\jetbrains\jdk\hotspot\src\share\vm\prims\jni.cpp, line 709]
Event: 3322.951 Thread 0x00000000199fa800 Exception <a 'java/lang/ClassNotFoundException': asLocalRepo4340_8zf51op16d2p85ybthash55fuBeanInfo> (0x00000000ed00d2b8) thrown at [C:\src\android\AOSP-openjdk\external\jetbrains\jdk\hotspot\src\share\vm\classfile\systemDictionary.cpp, line 210]
Event: 3322.960 Thread 0x00000000199fa800 Exception <a 'java/lang/ClassNotFoundException': asLocalRepo4340_8zf51op16d2p85ybthash55fuCustomizer> (0x00000000ed0188e8) thrown at [C:\src\android\AOSP-openjdk\external\jetbrains\jdk\hotspot\src\share\vm\classfile\systemDictionary.cpp, line 210]
Event: 3327.815 Thread 0x00000000199fa800 Implicit null exception at 0x000000000369295e to 0x0000000003692ae1
Event: 3327.936 Thread 0x00000000199fa800 Implicit null exception at 0x00000000048e222a to 0x00000000048e33e1
Event: 3327.936 Thread 0x00000000199fa800 Implicit null exception at 0x000000000364981a to 0x000000000364986d
Event: 3328.232 Thread 0x00000000199fa800 Implicit null exception at 0x0000000004b53a69 to 0x0000000004b53fe5
Event: 3339.752 Thread 0x00000000199fa800 Exception <a 'java/lang/NoSuchMethodError': java.lang.Object.lambda$asRunnable$0(Lcom/android/apkzlib/utils/IOExceptionRunnable;)V> (0x00000000ec87e860) thrown at [C:\src\android\AOSP-openjdk\external\jetbrains\jdk\hotspot\src\share\vm\interpreter\linkReso√¬”	—¢@

Events (10 events):
Event: 3345.266 Thread 0x00000000166ee000 flushing nmethod 0x0000000003871b10
Event: 3345.266 Thread 0x00000000166ee000 flushing nmethod 0x000000000387c790
Event: 3345.266 Thread 0x00000000166ee000 flushing nmethod 0x000000000387eb90
Event: 3345.267 Thread 0x00000000166ee000 flushing nmethod 0x00000000038ba850
Event: 3345.267 Thread 0x00000000166ee000 flushing nmethod 0x00000000038f3210
Event: 3345.267 Thread 0x00000000166ee000 flushing nmethod 0x00000000038f3e50
Event: 3345.267 Thread 0x00000000166ee000 flushing nmethod 0x000000000392cbd0
Event: 3345.267 Thread 0x00000000166ee000 flushing nmethod 0x0000000003930910
Event: 3345.267 Thread 0x00000000166ee000 flushing nmethod 0x00000000039e5ed0
Event: 3345.268 Thread 0x00000000166ee000 flushing nmethod 0x00000000039fdd90


Dynamic libraries:
0x00007ff741280000 - 0x00007ff7412b1000 	C:\Program Files\Android\Android Studio\jre\bin\java.exe
0x00007ff968600000 - 0x00007ff9687d1000 	C:\Windows\SYSTEM32\ntdll.dll
0x00007ff965ff0000 - 0x00007ff96609b000 	C:\Windows\System32\KERNEL32.DLL
0x00007ff965510000 - 0x00007ff96572d000 	C:\Windows\System32\KERNELBASE.dll
0x00007ff9683e0000 - 0x00007ff968482000 	C:\Windows\System32\ADVAPI32.dll
0x00007ff966430000 - 0x00007ff9664ce000 	C:\Windows\System32\msvcrt.dll
0x00007ff968490000 - 0x00007ff9684e9000 	C:\Windows\System32\sechost.dll
0x00007ff965cf0000 - 0x00007ff965e11000 	C:\Windows\System32\RPCRT4.dll
0x00007ff967dd0000 - 0x00007ff967f35000 	C:\Windows\System32\USER32.dll
0x00007ff965730000 - 0x00007ff96574e000 	C:\Windows\System32\win32u.dll
0x00007ff9684f0000 - 0x00007ff968524000 	C:\Windows\System32\GDI32.dll
0x00007ff965a00000 - 0x00007ff965b82000 	C:\Windows\System32\gdi32full.dll
0x00007ff95c9c0000 - 0x00007ff95cc3a000 	C:\Windows\WinSxS\amd64_microsoft.windows.common-controls_6595b64144ccf1df_6.0.14393.953_none_42151e83c686086b\COMCTL32.dll
0x00007ff9660a0000 - 0x00007ff966368000 	C:\Windows\System32\combase.dll
0x00007ff9657b0000 - 0x00007ff9658a5000 	C:\Windows\System32\ucrtbase.dll
0x00007ff964af0000 - 0x00007ff964b5a000 	C:\Windows\System32\bcryptPrimitives.dll
0x00007ff968530000 - 0x00007ff96855e000 	C:\Windows\System32\IMM32.DLL
0x0000000065330000 - 0x0000000065402000 	C:\Program Files\Android\Android Studio\jre\jre\bin\msvcr100.dll
0x00000000654f0000 - 0x0000000065d2c000 	C:\Program Files\Android\Android Studio\jre\jre\bin\server\jvm.dll
0x00007ff9667c0000 - 0x00007ff9667c8000 	C:\Windows\System32\PSAPI.DLL
0x00007ff954b10000 - 0x00007ff954b19000 	C:\Windows\SYSTEM32\WSOCK32.dll
0x00007ff962da0000 - 0x00007ff962dc3000 	C:\Windows\SYSTEM32\WINMM.dll
0x00007ff9667d0000 - 0x00007ff96683a000 	C:\Windows\System32\WS2_32.dll
0x00007ff95a5f0000 - 0x00007ff95a5fa000 	C:\Windows\SYSTEM32\VERSION.dll
0x0000000000e50000 - 0x0000000000e7b000 	C:\Windows\SYSTEM32\WINMMBASE.dll
0x00007ff965410000 - 0x00007ff965452000 	C:\Windows\System32\cfgmgr32.dll
0x00007ff962e50000 - 0x00007ff962e5f000 	C:\Program Files\Android\Android Studio\jre\jre\bin\verify.dll
0x00007ff95c070000 - 0x00007ff95c099000 	C:\Program Files\Android\Android Studio\jre\jre\bin\java.dll
0x00007ff961120000 - 0x00007ff961136000 	C:\Program Files\Android\Android Studio\jre\jre\bin\zip.dll
0x00007ff9668a0000 - 0x00007ff967da8000 	C:\Windows\System32\SHELL32.dll
0x00007ff964d30000 - 0x00007ff96540a000 	C:\Windows\System32\windows.storage.dll
0x00007ff964a90000 - 0x00007ff964adc000 	C:\Windows\System32\powrprof.dll
0x00007ff965e20000 - 0x00007ff965e72000 	C:\Windows\System32\shlwapi.dll
0x00007ff964ae0000 - 0x00007ff964aef000 	C:\Windows\System32\kernel.appcore.dll
0x00007ff9658b0000 - 0x00007ff965959000 	C:\Windows\System32\shcore.dll
0x00007ff964a60000 - 0x00007ff964a74000 	C:\Windows\System32\profapi.dll
0x00007ff95fef0000 - 0x00007ff95ff0a000 	C:\Program Files\Android\Android Studio\jre\jre\bin\net.dll
0x00007ff964390000 - 0x00007ff9643ec000 	C:\Windows\system32\mswsock.dll
0x00007ff95c050000 - 0x00007ff95c061000 	C:\Program Files\Android\Android Studio\jre\jre\bin\nio.dll
0x00007ff957f30000 - 0x00007ff957f4e000 	C:\Users\nicha\.gradle\native\23\windows-amd64\native-platform.dll
0x00007ff964530000 - 0x00007ff964547000 	C:\Windows\SYSTEM32\CRYPTSP.dll
0x00007ff963f90000 - 0x00007ff963fc3000 	C:\Windows\system32\rsaenh.dll
0x00007ff964640000 - 0x00007ff96466b000 	C:\Windows\SYSTEM32\bcrypt.dll
0x00007ff964210000 - 0x00007ff96422f000 	C:\Windows\SYSTEM32\USERENV.dll
0x00007ff964550000 - 0x00007ff96455b000 	C:\Windows\SYSTEM32\CRYPTBASE.dll
0x00007ff964110000 - 0x00007ff964148000 	C:\Windows\SYSTEM32\IPHLPAPI.DLL
0x00007ff9683d0000 - 0x00007ff9683d8000 	C:\Windows\System32\NSI.dll
0x00007ff95c2f0000 - 0x00007ff95c306000 	C:\Windows\SYSTEM32\dhcpcsvc6.DLL
0x00007ff95c260000 - 0x00007ff95c27a000 	C:\Windows\SYSTEM32\dhcpcsvc.DLL
0x00007ff95a960000 - 0x00007ff95a96d000 	C:\Program Files\Android\Android Studio\jre\jre\bin\management.dll
0x00007ff958f80000 - 0x00007ff958fa4000 	C:\Program Files\Android\Android Studio\jre\jre\bin\sunec.dll
0x00007ff9592f0000 - 0x00007ff9592fb000 	C:\Program Files\Android\Android Studio\jre\jre\bin\sunmscapi.dll
0x00007ff964b60000 - 0x00007ff964d29000 	C:\Windows\System32\CRYPT32.dll
0x00007ff964a80000 - 0x00007ff964a90000 	C:\Windows\System32\MSASN1.dll

VM Arguments:
jvm_args: -Xmx1536m -Dfile.encoding=windows-1252 -Duser.country=BR -Duser.language=pt -Duser.variant 
java_command: org.gradle.launcher.daemon.bootstrap.GradleDaemon 3.3
java_class_path (initial): C:\Users\nicha\.gradle\wrapper\dists\gradle-3.3-all\55gk2rcmfc6p2dg9u9ohc3hw9\gradle-3.3\lib\gradle-launcher-3.3.jar
Launcher Type: SUN_STANDARD

Environment Variables:
JAVA_HOME=C:\Program Files\Java\jdk1.8.0_111
CLASSPATH=C:\Program Files\Java\jdk1.8.0_111\lib\tools.jar
PATH=C:\ProgramData\Oracle\Java\javapath;C:\Windows\system32;C:\Windows;C:\Windows\System32\Wbem;C:\Windows\System32\WindowsPowerShell\v1.0\;C:\Windows\system32\config\systemprofile\.dnx\bin;C:\Program Files\Microsoft DNX\Dnvm\;C:\Program Files (x86)\Windows Kits\8.1\Windows Performance Toolkit\;C:\Program Files\Microsoft SQL Server\130\Tools\Binn\;C:\Program Files (x86)\nodejs\;C:\Program Files (x86)\Microsoft Emulator Manager\1.0\;C:\Program Files (x86)\Skype\Phone\;C:\Program Files\Git\cmd;C:\Program Files\PuTTY\;C:\Program Files\Java\jdk1.8.0_111\bin;C:\Users\nicha\AppData\Local\Microsoft\WindowsApps;C:\Users\nicha\AppData\Roaming\npm
USERNAME=nicha
OS=Windows_NT
PROCESSOR_IDENTIFIER=Intel64 Family 6 Model 69 Stepping 1, GenuineIntel



---------------  S Y S T E M  ---------------

OS: Windows 10.0 , 64 bit Build 14393 (10.0.14393.0)

CPU:total 4 (2 cores per cpu, 2 threads per core) family 6 model 69 stepping 1, cmov, cx8, fxsr, mmx, sse, sse2, sse3, ssse3, sse4.1, sse4.2, popcnt, avx, avx2, aes, clmul, erms, lzcnt, ht, tsc, tscinvbit, bmi1, bmi2

Memory: 4k page, physical 4097032k(454128k free), swap 8243828k(3056k free)

vm_info: OpenJDK 64-Bit Server VM (25.112-b06) for windows-amd64 JRE (1.8.0_112-release-b06), built on Dec  8 2016 00:54:26 by "builder" with MS VC++ 10.0 (VS2010)

time: Mon May 08 19:51:28 2017
elapsed time: 3345 seconds (0d 0h 55m 45s)

