#
# There is insufficient memory for the Java Runtime Environment to continue.
# Native memory allocation (malloc) failed to allocate 746416 bytes for Chunk::new
# Possible reasons:
#   The system is out of physical RAM or swap space
#   In 32 bit mode, the process size limit was hit
# Possible solutions:
#   Reduce memory load on the system
#   Increase physical memory or swap space
#   Check if swap backing store is full
#   Use 64 bit Java on a 64 bit OS
#   Decrease Java heap size (-Xmx/-Xms)
#   Decrease number of Java threads
#   Decrease Java thread stack sizes (-Xss)
#   Set larger code cache with -XX:ReservedCodeCacheSize=
# This output file may be truncated or incomplete.
#
#  Out of Memory Error (allocation.cpp:390), pid=8320, tid=0x0000000000000f10
#
# JRE version: OpenJDK Runtime Environment (8.0_112-b06) (build 1.8.0_112-release-b06)
# Java VM: OpenJDK 64-Bit Server VM (25.112-b06 mixed mode windows-amd64 compressed oops)
# Failed to write core dump. Minidumps are not enabled by default on client versions of Windows
#

---------------  T H R E A D  ---------------

Current thread (0x000000001608d000):  JavaThread "C2 CompilerThread0" daemon [_thread_in_native, id=3856, stack(0x0000000017700000,0x0000000017800000)]

Stack: [0x0000000017700000,0x0000000017800000]
[error occurred during error reporting (printing stack bounds), id 0xc0000005]

Native frames: (J=compiled Java code, j=interpreted, Vv=VM code, C=native code)


Current CompileTask:
C2: 564688 10290       4       com.sun.tools.javac.code.Types$14::visitClassType (10 bytes)


---------------  P R O C E S S  ---------------

Java Threads: ( => current thread )
  0x000000001d589800 JavaThread "Cache update executor" [_thread_blocked, id=8640, stack(0x0000000025710000,0x0000000025810000)]
  0x000000001d58a000 JavaThread "Stdin handler" [_thread_blocked, id=5812, stack(0x0000000025610000,0x0000000025710000)]
  0x000000001d584000 JavaThread "Asynchronous log dispatcher for DefaultDaemonConnection: socket connection from /127.0.0.1:56568 to /127.0.0.1:57237" [_thread_blocked, id=7228, stack(0x0000000025510000,0x0000000025610000)]
  0x000000001d588000 JavaThread "Daemon worker Thread 3" [_thread_in_Java, id=8364, stack(0x0000000025410000,0x0000000025510000)]
  0x000000001d586800 JavaThread "Cancel handler" [_thread_blocked, id=3020, stack(0x0000000025310000,0x0000000025410000)]
  0x000000001d585000 JavaThread "Handler for socket connection from /127.0.0.1:56568 to /127.0.0.1:57237" [_thread_in_native, id=5016, stack(0x0000000025210000,0x0000000025310000)]
  0x000000001d58b000 JavaThread "Daemon Thread 3" [_thread_blocked, id=7356, stack(0x0000000025110000,0x0000000025210000)]
  0x000000001c733000 JavaThread "File lock request listener" [_thread_in_native, id=8636, stack(0x000000001cbf0000,0x000000001ccf0000)]
  0x0000000018e98800 JavaThread "pool-1-thread-1" [_thread_blocked, id=2580, stack(0x000000001a350000,0x000000001a450000)]
  0x0000000018dd1800 JavaThread "Incoming local TCP Connector on port 56568" [_thread_in_native, id=7796, stack(0x0000000019d10000,0x0000000019e10000)]
  0x0000000017a20800 JavaThread "Service Thread" daemon [_thread_blocked, id=8496, stack(0x0000000017e00000,0x0000000017f00000)]
  0x0000000016097800 JavaThread "C1 CompilerThread2" daemon [_thread_in_native, id=964, stack(0x0000000017900000,0x0000000017a00000)]
  0x0000000016090000 JavaThread "C2 CompilerThread1" daemon [_thread_in_native, id=6208, stack(0x0000000017800000,0x0000000017900000)]
=>0x000000001608d000 JavaThread "C2 CompilerThread0" daemon [_thread_in_native, id=3856, stack(0x0000000017700000,0x0000000017800000)]
  0x000000001608b800 JavaThread "Attach Listener" daemon [_thread_blocked, id=7340, stack(0x0000000017600000,0x0000000017700000)]
  0x0000000016088000 JavaThread "Signal Dispatcher" daemon [_thread_blocked, id=804, stack(0x0000000017500000,0x0000000017600000)]
  0x000000000271b000 JavaThread "Finalizer" daemon [_thread_blocked, id=7308, stack(0x0000000017300000,0x0000000017400000)]
  0x0000000002710000 JavaThread "Reference Handler" daemon [_thread_blocked, id=3276, stack(0x0000000017200000,0x0000000017300000)]
  0x0000000002620800 JavaThread "main" [_thread_blocked, id=3612, stack(0x0000000002460000,0x0000000002560000)]

Other Threads:
  0x0000000016056800 VMThread [stack: 0x0000000017100000,0x0000000017200000] [id=7892]
  0x00000000160ed000 WatcherThread [stack: 0x0000000017f00000,0x0000000018000000] [id=5548]

VM state:not at safepoint (normal execution)

VM Mutex/Monitor currently owned by a thread: None

Heap:
 PSYoungGen      total 109056K, used 35172K [0x00000000e0000000, 0x00000000e7980000, 0x0000000100000000)
  eden space 97792K, 35% used [0x00000000e0000000,0x00000000e2259248,0x00000000e5f80000)
  from space 11264K, 0% used [0x00000000e6b80000,0x00000000e6b80000,0x00000000e7680000)
  to   space 12288K, 0% used [0x00000000e5f80000,0x00000000e5f80000,0x00000000e6b80000)
 ParOldGen       total 86528K, used 36809K [0x00000000a0000000, 0x00000000a5480000, 0x00000000e0000000)
  object space 86528K, 42% used [0x00000000a0000000,0x00000000a23f2790,0x00000000a5480000)
 Metaspace       used 61666K, capacity 63760K, committed 64408K, reserved 1105920K
  class space    used 8061K, capacity 8451K, committed 8616K, reserved 1048576K

Card table byte_map: [0x0000000011ae0000,0x0000000011df0000] byte_map_base: 0x00000000115e0000

Marking Bits: (ParMarkBitMap*) 0x0000000065cb18f0
 Begin Bits: [0x00000000123f0000, 0x0000000013bf0000)
 End Bits:   [0x0000000013bf0000, 0x00000000153f0000)

Polling page: 0x0000000000c80000

CodeCache: size=245760Kb used=30771Kb max_used=30771Kb free=214988Kb
 bounds [0x0000000002720000, 0x0000000004560000, 0x0000000011720000]
 total_blobs=9713 nmethods=8932 adapters=692
 compilation: enabled

Compilation events (10 events):
Event: 564.569 Thread 0x0000000016097800 nmethod 10438 0x0000000004547d90 code [0x0000000004547f00, 0x0000000004548108]
Event: 564.569 Thread 0x0000000016097800 10439       3       com.sun.tools.javac.comp.Attr::attribStat (11 bytes)
Event: 564.569 Thread 0x0000000016097800 nmethod 10439 0x0000000004548210 code [0x0000000004548380, 0x0000000004548528]
Event: 564.569 Thread 0x0000000016097800 10440       3       com.sun.tools.javac.code.Types::classBound (12 bytes)
Event: 564.570 Thread 0x0000000016097800 nmethod 10440 0x00000000045485d0 code [0x0000000004548740, 0x0000000004548b48]
Event: 564.570 Thread 0x0000000016097800 10441       3       com.sun.tools.javac.code.Types$Subst::visitClassType (132 bytes)
Event: 564.573 Thread 0x0000000016097800 nmethod 10441 0x0000000004548c90 code [0x0000000004549000, 0x000000000454b098]
Event: 564.573 Thread 0x0000000016097800 10442       3       com.sun.tools.javac.code.Type$Mapping::<init> (10 bytes)
Event: 564.573 Thread 0x0000000016097800 nmethod 10442 0x000000000454bf10 code [0x000000000454c060, 0x000000000454c230]
Event: 564.573 Thread 0x0000000016097800 10443       3       com.sun.tools.javac.comp.Attr::checkInit (240 bytes)

GC Heap History (10 events):
Event: 90.262 GC heap before
{Heap before GC invocations=29 (full 2):
 PSYoungGen      total 90624K, used 81024K [0x00000000e0000000, 0x00000000e6500000, 0x0000000100000000)
  eden space 78848K, 100% used [0x00000000e0000000,0x00000000e4d00000,0x00000000e4d00000)
  from space 11776K, 18% used [0x00000000e5900000,0x00000000e5b20300,0x00000000e6480000)
  to   space 12288K, 0% used [0x00000000e4d00000,0x00000000e4d00000,0x00000000e5900000)
 ParOldGen       total 50176K, used 32910K [0x00000000a0000000, 0x00000000a3100000, 0x00000000e0000000)
  object space 50176K, 65% used [0x00000000a0000000,0x00000000a2023aa8,0x00000000a3100000)
 Metaspace       used 54491K, capacity 56544K, committed 56744K, reserved 1097728K
  class space    used 7373K, capacity 7807K, committed 7848K, reserved 1048576K
Event: 90.265 GC heap after
Heap after GC invocations=29 (full 2):
 PSYoungGen      total 91136K, used 965K [0x00000000e0000000, 0x00000000e7100000, 0x0000000100000000)
  eden space 78848K, 0% used [0x00000000e0000000,0x00000000e0000000,0x00000000e4d00000)
  from space 12288K, 7% used [0x00000000e4d00000,0x00000000e4df17e8,0x00000000e5900000)
  to   space 12288K, 0% used [0x00000000e6500000,0x00000000e6500000,0x00000000e7100000)
 ParOldGen       total 50176K, used 33254K [0x00000000a0000000, 0x00000000a3100000, 0x00000000e0000000)
  object space 50176K, 66% used [0x00000000a0000000,0x00000000a2079aa8,0x00000000a3100000)
 Metaspace       used 54491K, capacity 56544K, committed 56744K, reserved 1097728K
  class space    used 7373K, capacity 7807K, committed 7848K, reserved 1048576K
}
Event: 336.844 GC heap before
{Heap before GC invocations=30 (full 2):
 PSYoungGen      total 91136K, used 79813K [0x00000000e0000000, 0x00000000e7100000, 0x0000000100000000)
  eden space 78848K, 100% used [0x00000000e0000000,0x00000000e4d00000,0x00000000e4d00000)
  from space 12288K, 7% used [0x00000000e4d00000,0x00000000e4df17e8,0x00000000e5900000)
  to   space 12288K, 0% used [0x00000000e6500000,0x00000000e6500000,0x00000000e7100000)
 ParOldGen       total 50176K, used 33254K [0x00000000a0000000, 0x00000000a3100000, 0x00000000e0000000)
  object space 50176K, 66% used [0x00000000a0000000,0x00000000a2079aa8,0x00000000a3100000)
 Metaspace       used 55949K, capacity 58118K, committed 58408K, reserved 1099776K
  class space    used 7450K, capacity 7892K, committed 7976K, reserved 1048576K
Event: 336.887 GC heap after
Heap after GC invocations=30 (full 2):
 PSYoungGen      total 98304K, used 5017K [0x00000000e0000000, 0x00000000e6e00000, 0x0000000100000000)
  eden space 89088K, 0% used [0x00000000e0000000,0x00000000e0000000,0x00000000e5700000)
  from space 9216K, 54% used [0x00000000e6500000,0x00000000e69e6570,0x00000000e6e00000)
  to   space 11776K, 0% used [0x00000000e5700000,0x00000000e5700000,0x00000000e6280000)
 ParOldGen       total 50176K, used 33443K [0x00000000a0000000, 0x00000000a3100000, 0x00000000e0000000)
  object space 50176K, 66% used [0x00000000a0000000,0x00000000a20a8c20,0x00000000a3100000)
 Metaspace       used 55949K, capacity 58118K, committed 58408K, reserved 1099776K
  class space    used 7450K, capacity 7892K, committed 7976K, reserved 1048576K
}
Event: 560.161 GC heap before
{Heap before GC invocations=31 (full 2):
 PSYoungGen      total 98304K, used 94105K [0x00000000e0000000, 0x00000000e6e00000, 0x0000000100000000)
  eden space 89088K, 100% used [0x00000000e0000000,0x00000000e5700000,0x00000000e5700000)
  from space 9216K, 54% used [0x00000000e6500000,0x00000000e69e6570,0x00000000e6e00000)
  to   space 11776K, 0% used [0x00000000e5700000,0x00000000e5700000,0x00000000e6280000)
 ParOldGen       total 50176K, used 33443K [0x00000000a0000000, 0x00000000a3100000, 0x00000000e0000000)
  object space 50176K, 66% used [0x00000000a0000000,0x00000000a20a8c20,0x00000000a3100000)
 Metaspace       used 56456K, capacity 58730K, committed 58920K, reserved 1099776K
  class space    used 7470K, capacity 7922K, committed 7976K, reserved 1048576K
Event: 560.200 GC heap after
Heap after GC invocations=31 (full 2):
 PSYoungGen      total 100864K, used 3872K [0x00000000e0000000, 0x00000000e7680000, 0x0000000100000000)
  eden space 89088K, 0% used [0x00000000e0000000,0x00000000e0000000,0x00000000e5700000)
  from space 11776K, 32% used [0x00000000e5700000,0x00000000e5ac8020,0x00000000e6280000)
  to   space 11264K, 0% used [0x00000000e6b80000,0x00000000e6b80000,0x00000000e7680000)
 ParOldGen       total 50176K, used 33451K [0x00000000a0000000, 0x00000000a3100000, 0x00000000e0000000)
  object space 50176K, 66% used [0x00000000a0000000,0x00000000a20aac20,0x00000000a3100000)
 Metaspace       used 56456K, capacity 58730K, committed 58920K, reserved 1099776K
  class space    used 7470K, capacity 7922K, committed 7976K, reserved 1048576K
}
Event: 561.149 GC heap before
{Heap before GC invocations=32 (full 2):
 PSYoungGen      total 100864K, used 31808K [0x00000000e0000000, 0x00000000e7680000, 0x0000000100000000)
  eden space 89088K, 31% used [0x00000000e0000000,0x00000000e1b482c8,0x00000000e5700000)
  from space 11776K, 32% used [0x00000000e5700000,0x00000000e5ac8020,0x00000000e6280000)
  to   space 11264K, 0% used [0x00000000e6b80000,0x00000000e6b80000,0x00000000e7680000)
 ParOldGen       total 50176K, used 33451K [0x00000000a0000000, 0x00000000a3100000, 0x00000000e0000000)
  object space 50176K, 66% used [0x00000000a0000000,0x00000000a20aac20,0x00000000a3100000)
 Metaspace       used 56806K, capacity 59088K, committed 59160K, reserved 1099776K
  class space    used 7522K, capacity 7955K, committed 7976K, reserved 1048576K
Event: 561.165 GC heap after
Heap after GC invocations=32 (full 2):
 PSYoungGen      total 109056K, used 8896K [0x00000000e0000000, 0x00000000e7980000, 0x0000000100000000)
  eden space 97792K, 0% used [0x00000000e0000000,0x00000000e0000000,0x00000000e5f80000)
  from space 11264K, 78% used [0x00000000e6b80000,0x00000000e7430020,0x00000000e7680000)
  to   space 12288K, 0% used [0x00000000e5f80000,0x00000000e5f80000,0x00000000e6b80000)
 ParOldGen       total 50176K, used 33459K [0x00000000a0000000, 0x00000000a3100000, 0x00000000e0000000)
  object space 50176K, 66% used [0x00000000a0000000,0x00000000a20acc20,0x00000000a3100000)
 Metaspace       used 56806K, capacity 59088K, committed 59160K, reserved 1099776K
  class space    used 7522K, capacity 7955K, committed 7976K, reserved 1048576K
}
Event: 561.165 GC heap before
{Heap before GC invocations=33 (full 3):
 PSYoungGen      total 109056K, used 8896K [0x00000000e0000000, 0x00000000e7980000, 0x0000000100000000)
  eden space 97792K, 0% used [0x00000000e0000000,0x00000000e0000000,0x00000000e5f80000)
  from space 11264K, 78% used [0x00000000e6b80000,0x00000000e7430020,0x00000000e7680000)
  to   space 12288K, 0% used [0x00000000e5f80000,0x00000000e5f80000,0x00000000e6b80000)
 ParOldGen       total 50176K, used 33459K [0x00000000a0000000, 0x00000000a3100000, 0x00000000e0000000)
  object space 50176K, 66% used [0x00000000a0000000,0x00000000a20acc20,0x00000000a3100000)
 Metaspace       used 56806K, capacity 59088K, committed 59160K, reserved 1099776K
  class space    used 7522K, capacity 7955K, committed 7976K, reserved 1048576K
Event: 561.926 GC heap after
Heap after GC invocations=33 (full 3):
 PSYoungGen      total 109056K, used 0K [0x00000000e0000000, 0x00000000e7980000, 0x0000000100000000)
  eden space 97792K, 0% used [0x00000000e0000000,0x00000000e0000000,0x00000000e5f80000)
  from space 11264K, 0% used [0x00000000e6b80000,0x00000000e6b80000,0x00000000e7680000)
  to   space 12288K, 0% used [0x00000000e5f80000,0x00000000e5f80000,0x00000000e6b80000)
 ParOldGen       total 86528K, used 36809K [0x00000000a0000000, 0x00000000a5480000, 0x00000000e0000000)
  object space 86528K, 42% used [0x00000000a0000000,0x00000000a23f2790,0x00000000a5480000)
 Metaspace       used 56681K, capacity 58768K, committed 59160K, reserved 1099776K
  class space    used 7477K, capacity 7875K, committed 7976K, reserved 1048576K
}

Deoptimization events (10 events):
Event: 564.200 Thread 0x000000001d588000 Uncommon trap: reason=bimorphic action=maybe_recompile pc=0x00000000043e6a2c method=com.sun.tools.javac.code.Types$18.visitClassType(Lcom/sun/tools/javac/code/Type$ClassType;Ljava/lang/Void;)Lcom/sun/tools/javac/code/Type; @ 54
Event: 564.241 Thread 0x000000001d588000 Uncommon trap: reason=class_check action=maybe_recompile pc=0x000000000447869c method=com.sun.tools.javac.code.Types$14.visitClassType(Lcom/sun/tools/javac/code/Type$ClassType;Lcom/sun/tools/javac/code/Symbol;)Lcom/sun/tools/javac/code/Type; @ 44
Event: 564.241 Thread 0x000000001d588000 Uncommon trap: reason=class_check action=maybe_recompile pc=0x000000000447869c method=com.sun.tools.javac.code.Types$14.visitClassType(Lcom/sun/tools/javac/code/Type$ClassType;Lcom/sun/tools/javac/code/Symbol;)Lcom/sun/tools/javac/code/Type; @ 44
Event: 564.277 Thread 0x000000001d588000 Uncommon trap: reason=unstable_if action=reinterpret pc=0x00000000044bae58 method=com.sun.tools.javac.code.Types$18.visitClassType(Lcom/sun/tools/javac/code/Type$ClassType;Ljava/lang/Void;)Lcom/sun/tools/javac/code/Type; @ 75
Event: 564.277 Thread 0x000000001d588000 Uncommon trap: reason=unstable_if action=reinterpret pc=0x00000000044ab2c0 method=com.sun.tools.javac.code.Types$18.visitClassType(Lcom/sun/tools/javac/code/Type$ClassType;Ljava/lang/Void;)Lcom/sun/tools/javac/code/Type; @ 75
Event: 564.293 Thread 0x000000001d588000 Uncommon trap: reason=class_check action=maybe_recompile pc=0x000000000447869c method=com.sun.tools.javac.code.Types$14.visitClassType(Lcom/sun/tools/javac/code/Type$ClassType;Lcom/sun/tools/javac/code/Symbol;)Lcom/sun/tools/javac/code/Type; @ 44
Event: 564.296 Thread 0x000000001d588000 Uncommon trap: reason=class_check action=maybe_recompile pc=0x000000000447869c method=com.sun.tools.javac.code.Types$14.visitClassType(Lcom/sun/tools/javac/code/Type$ClassType;Lcom/sun/tools/javac/code/Symbol;)Lcom/sun/tools/javac/code/Type; @ 44
Event: 564.296 Thread 0x000000001d588000 Uncommon trap: reason=class_check action=maybe_recompile pc=0x00000000044b21cc method=com.sun.tools.javac.code.Types$14.visitClassType(Lcom/sun/tools/javac/code/Type$ClassType;Lcom/sun/tools/javac/code/Symbol;)Lcom/sun/tools/javac/code/Type; @ 44
Event: 564.305 Thread 0x000000001d588000 Uncommon trap: reason=unstable_if action=reinterpret pc=0x000000000446f828 method=com.sun.tools.javac.code.Types$SameTypeVisitor.visitClassType(Lcom/sun/tools/javac/code/Type$ClassType;Lcom/sun/tools/javac/code/Type;)Ljava/lang/Boolean; @ 327
Event: 564.359 Thread 0x000000001d588000 Uncommon trap: reason=unstable_if action=reinterpret pc=0x00000000042b1c4c method=com.sun.tools.javac.util.Convert.chars2utf([CI[BII)I @ 35

Internal exceptions (10 events):
Event: 335.270 Thread 0x000000001c732000 Exception <a 'java/lang/reflect/InvocationTargetException'> (0x00000000e327be10) thrown at [C:\src\android\AOSP-openjdk\external\jetbrains\jdk\hotspot\src\share\vm\runtime\reflection.cpp, line 1092]
Event: 336.196 Thread 0x000000001c732000 Implicit null exception at 0x0000000003062abd to 0x0000000003063165
Event: 336.197 Thread 0x000000001c732000 Implicit null exception at 0x00000000029b24b2 to 0x00000000029b2681
Event: 337.882 Thread 0x000000001c732000 Exception <a 'sun/nio/fs/WindowsException'> (0x00000000e184e168) thrown at [C:\src\android\AOSP-openjdk\external\jetbrains\jdk\hotspot\src\share\vm\prims\jni.cpp, line 709]
Event: 557.041 Thread 0x000000001d588000 Exception <a 'java/lang/ClassNotFoundException': asLocalRepo11848_1ya2mz5lx5x3zwgi24xlwjz3tBeanInfo> (0x00000000e1f1e988) thrown at [C:\src\android\AOSP-openjdk\external\jetbrains\jdk\hotspot\src\share\vm\classfile\systemDictionary.cpp, line 210]
Event: 557.042 Thread 0x000000001d588000 Exception <a 'java/lang/ClassNotFoundException': asLocalRepo11848_1ya2mz5lx5x3zwgi24xlwjz3tCustomizer> (0x00000000e1f29fd8) thrown at [C:\src\android\AOSP-openjdk\external\jetbrains\jdk\hotspot\src\share\vm\classfile\systemDictionary.cpp, line 210]
Event: 560.200 Thread 0x000000001d588000 Implicit null exception at 0x0000000003f6b6fb to 0x0000000003f6b9f1
Event: 560.252 Thread 0x000000001d588000 Implicit null exception at 0x000000000288d00d to 0x000000000288d375
Event: 560.404 Thread 0x000000001d588000 Implicit null exception at 0x00000000033f6876 to 0x00000000033f6f3d
Event: 563.765 Thread 0x000000001d588000 Implicit null exception at 0x0000000004349e98 to 0x0000000004349ece

Events (10 events):
Event: 564.308 Thread 0x0000000016097800 flushing nmethod 0x00000000030f3dd0
Event: 564.308 Thread 0x0000000016097800 flushing nmethod 0x00000000030fbe10
Event: 564.308 Thread 0x0000000016097800 flushing nmethod 0x0000000003104250
Event: 564.308 Thread 0x0000000016097800 flushing nmethod 0x00000000031048d0
Event: 564.308 Thread 0x0000000016097800 flushing nmethod 0x0000000003105b10
Event: 564.308 Thread 0x0000000016097800 flushing nmethod 0x0000000003106490
Event: 564.308 Thread 0x0000000016097800 flushing nmethod 0x0000000003118f10
Event: 564.359 Thread 0x000000001d588000 Uncommon trap: trap_request=0xffffff65 fr.pc=0x00000000042b1c4c
Event: 564.359 Thread 0x000000001d588000 DEOPT PACKING pc=0x00000000042b1c4c sp=0x000000002550b4e0
Event: 564.359 Thread 0x000000001d588000 DEOPT UNPACKING pc=0x000000000276556a sp=0x000000002550b448 mode 2


Dynamic libraries:
0x00007ff791440000 - 0x00007ff791471000 	C:\Program Files\Android\Android Studio\jre\bin\java.exe
0x00007ff968600000 - 0x00007ff9687d1000 	C:\Windows\SYSTEM32\ntdll.dll
0x00007ff965ff0000 - 0x00007ff96609b000 	C:\Windows\System32\KERNEL32.DLL
0x00007ff965510000 - 0x00007ff96572d000 	C:\Windows\System32\KERNELBASE.dll
0x00007ff9683e0000 - 0x00007ff968482000 	C:\Windows\System32\ADVAPI32.dll
0x00007ff966430000 - 0x00007ff9664ce000 	C:\Windows\System32\msvcrt.dll
0x00007ff968490000 - 0x00007ff9684e9000 	C:\Windows\System32\sechost.dll
0x00007ff965cf0000 - 0x00007ff965e11000 	C:\Windows\System32\RPCRT4.dll
0x00007ff967dd0000 - 0x00007ff967f35000 	C:\Windows\System32\USER32.dll
0x00007ff965730000 - 0x00007ff96574e000 	C:\Windows\System32\win32u.dll
0x00007ff9684f0000 - 0x00007ff968524000 	C:\Windows\System32\GDI32.dll
0x00007ff965a00000 - 0x00007ff965b82000 	C:\Windows\System32\gdi32full.dll
0x00007ff95c9c0000 - 0x00007ff95cc3a000 	C:\Windows\WinSxS\amd64_microsoft.windows.common-controls_6595b64144ccf1df_6.0.14393.953_none_42151e83c686086b\COMCTL32.dll
0x00007ff9660a0000 - 0x00007ff966368000 	C:\Windows\System32\combase.dll
0x00007ff9657b0000 - 0x00007ff9658a5000 	C:\Windows\System32\ucrtbase.dll
0x00007ff964af0000 - 0x00007ff964b5a000 	C:\Windows\System32\bcryptPrimitives.dll
0x00007ff968530000 - 0x00007ff96855e000 	C:\Windows\System32\IMM32.DLL
0x0000000065330000 - 0x0000000065402000 	C:\Program Files\Android\Android Studio\jre\jre\bin\msvcr100.dll
0x00000000654f0000 - 0x0000000065d2c000 	C:\Program Files\Android\Android Studio\jre\jre\bin\server\jvm.dll
0x00007ff9667c0000 - 0x00007ff9667c8000 	C:\Windows\System32\PSAPI.DLL
0x00007ff954b10000 - 0x00007ff954b19000 	C:\Windows\SYSTEM32\WSOCK32.dll
0x00007ff962da0000 - 0x00007ff962dc3000 	C:\Windows\SYSTEM32\WINMM.dll
0x00007ff95a5f0000 - 0x00007ff95a5fa000 	C:\Windows\SYSTEM32\VERSION.dll
0x00007ff962d40000 - 0x00007ff962d6b000 	C:\Windows\SYSTEM32\WINMMBASE.dll
0x00007ff9667d0000 - 0x00007ff96683a000 	C:\Windows\System32\WS2_32.dll
0x00007ff965410000 - 0x00007ff965452000 	C:\Windows\System32\cfgmgr32.dll
0x00007ff962e50000 - 0x00007ff962e5f000 	C:\Program Files\Android\Android Studio\jre\jre\bin\verify.dll
0x00007ff95c070000 - 0x00007ff95c099000 	C:\Program Files\Android\Android Studio\jre\jre\bin\java.dll
0x00007ff961120000 - 0x00007ff961136000 	C:\Program Files\Android\Android Studio\jre\jre\bin\zip.dll
0x00007ff9668a0000 - 0x00007ff967da8000 	C:\Windows\System32\SHELL32.dll
0x00007ff964d30000 - 0x00007ff96540a000 	C:\Windows\System32\windows.storage.dll
0x00007ff964a90000 - 0x00007ff964adc000 	C:\Windows\System32\powrprof.dll
0x00007ff965e20000 - 0x00007ff965e72000 	C:\Windows\System32\shlwapi.dll
0x00007ff964ae0000 - 0x00007ff964aef000 	C:\Windows\System32\kernel.appcore.dll
0x00007ff9658b0000 - 0x00007ff965959000 	C:\Windows\System32\shcore.dll
0x00007ff964a60000 - 0x00007ff964a74000 	C:\Windows\System32\profapi.dll
0x00007ff95fef0000 - 0x00007ff95ff0a000 	C:\Program Files\Android\Android Studio\jre\jre\bin\net.dll
0x00007ff964390000 - 0x00007ff9643ec000 	C:\Windows\system32\mswsock.dll
0x00007ff95c050000 - 0x00007ff95c061000 	C:\Program Files\Android\Android Studio\jre\jre\bin\nio.dll
0x00007ff957f30000 - 0x00007ff957f4e000 	C:\Users\nicha\.gradle\native\23\windows-amd64\native-platform.dll
0x00007ff964530000 - 0x00007ff964547000 	C:\Windows\SYSTEM32\CRYPTSP.dll
0x00007ff963f90000 - 0x00007ff963fc3000 	C:\Windows\system32\rsaenh.dll
0x00007ff964640000 - 0x00007ff96466b000 	C:\Windows\SYSTEM32\bcrypt.dll
0x00007ff964210000 - 0x00007ff96422f000 	C:\Windows\SYSTEM32\USERENV.dll
0x00007ff964550000 - 0x00007ff96455b000 	C:\Windows\SYSTEM32\CRYPTBASE.dll
0x00007ff964110000 - 0x00007ff964148000 	C:\Windows\SYSTEM32\IPHLPAPI.DLL
0x00007ff9683d0000 - 0x00007ff9683d8000 	C:\Windows\System32\NSI.dll
0x00007ff95c2f0000 - 0x00007ff95c306000 	C:\Windows\SYSTEM32\dhcpcsvc6.DLL
0x00007ff95c260000 - 0x00007ff95c27a000 	C:\Windows\SYSTEM32\dhcpcsvc.DLL
0x00007ff95a960000 - 0x00007ff95a96d000 	C:\Program Files\Android\Android Studio\jre\jre\bin\management.dll
0x00007ff958f80000 - 0x00007ff958fa4000 	C:\Program Files\Android\Android Studio\jre\jre\bin\sunec.dll
0x00007ff9592f0000 - 0x00007ff9592fb000 	C:\Program Files\Android\Android Studio\jre\jre\bin\sunmscapi.dll
0x00007ff964b60000 - 0x00007ff964d29000 	C:\Windows\System32\CRYPT32.dll
0x00007ff964a80000 - 0x00007ff964a90000 	C:\Windows\System32\MSASN1.dll

VM Arguments:
jvm_args: -Xmx1536m -Dfile.encoding=windows-1252 -Duser.country=BR -Duser.language=pt -Duser.variant 
java_command: org.gradle.launcher.daemon.bootstrap.GradleDaemon 3.3
java_class_path (initial): C:\Users\nicha\.gradle\wrapper\dists\gradle-3.3-all\55gk2rcmfc6p2dg9u9ohc3hw9\gradle-3.3\lib\gradle-launcher-3.3.jar
Launcher Type: SUN_STANDARD

Environment Variables:
JAVA_HOME=C:\Program Files\Java\jdk1.8.0_111
CLASSPATH=C:\Program Files\Java\jdk1.8.0_111\lib\tools.jar
PATH=C:\ProgramData\Oracle\Java\javapath;C:\Windows\system32;C:\Windows;C:\Windows\System32\Wbem;C:\Windows\System32\WindowsPowerShell\v1.0\;C:\Windows\system32\config\systemprofile\.dnx\bin;C:\Program Files\Microsoft DNX\Dnvm\;C:\Program Files (x86)\Windows Kits\8.1\Windows Performance Toolkit\;C:\Program Files\Microsoft SQL Server\130\Tools\Binn\;C:\Program Files (x86)\nodejs\;C:\Program Files (x86)\Microsoft Emulator Manager\1.0\;C:\Program Files (x86)\Skype\Phone\;C:\Program Files\Git\cmd;C:\Program Files\PuTTY\;C:\Program Files\Java\jdk1.8.0_111\bin;C:\Users\nicha\AppData\Local\Microsoft\WindowsApps;C:\Users\nicha\AppData\Roaming\npm
USERNAME=nicha
OS=Windows_NT
PROCESSOR_IDENTIFIER=Intel64 Family 6 Model 69 Stepping 1, GenuineIntel



---------------  S Y S T E M  ---------------

OS: Windows 10.0 , 64 bit Build 14393 (10.0.14393.0)

CPU:total 4 (2 cores per cpu, 2 threads per core) family 6 model 69 stepping 1, cmov, cx8, fxsr, mmx, sse, sse2, sse3, ssse3, sse4.1, sse4.2, popcnt, avx, avx2, aes, clmul, erms, lzcnt, ht, tsc, tscinvbit, bmi1, bmi2

Memory: 4k page, physical 4097032k(402072k free), swap 8210216k(5168k free)

vm_info: OpenJDK 64-Bit Server VM (25.112-b06) for windows-amd64 JRE (1.8.0_112-release-b06), built on Dec  8 2016 00:54:26 by "builder" with MS VC++ 10.0 (VS2010)

time: Mon May 08 20:02:40 2017
elapsed time: 564 seconds (0d 0h 9m 24s)

